2022-04-10 16:24:40,595 [Worker-6: Loading available Gradle versions] INFO  o.e.b.c.i.u.g.PublishedGradleVersions - Gradle version information cache is up-to-date. Trying to read.
2022-04-10 16:27:38,916 [Worker-4: Update Maven projects configuration] INFO  o.e.m.c.i.p.ProjectConfigurationManager - Update started
2022-04-10 16:27:40,417 [Worker-4: Update Maven projects configuration] INFO  o.e.m.c.i.l.LifecycleMappingFactory - Using org.eclipse.m2e.jdt.JarLifecycleMapping lifecycle mapping for MavenProject: com.example:demo:0.0.1-SNAPSHOT @ D:\Intern\Syamil Job Application\Maybank\Maybank Job\Java Course\Spring Boot\demo(1)\pom.xml.
2022-04-10 16:27:42,170 [Worker-4: Update Maven projects configuration] INFO  o.e.m.j.i.AbstractJavaProjectConfigurator - Adding source folder /demo(1)/src/main/java
2022-04-10 16:27:42,172 [Worker-4: Update Maven projects configuration] INFO  o.e.m.j.i.AbstractJavaProjectConfigurator - Adding resource folder /demo(1)/src/main/resources
2022-04-10 16:27:42,217 [Worker-4: Update Maven projects configuration] INFO  o.e.m.j.i.AbstractJavaProjectConfigurator - Adding resource folder /demo(1)/src/main/resources
2022-04-10 16:27:42,223 [Worker-4: Update Maven projects configuration] INFO  o.e.m.j.i.AbstractJavaProjectConfigurator - Adding source folder /demo(1)/src/test/java
2022-04-10 16:27:42,788 [Worker-6: Building] INFO  o.e.m.c.i.embedder.EclipseLogger - Using 'UTF-8' encoding to copy filtered resources.
2022-04-10 16:27:42,788 [Worker-6: Building] INFO  o.e.m.c.i.embedder.EclipseLogger - Using 'UTF-8' encoding to copy filtered properties files.
2022-04-10 16:27:42,792 [Worker-6: Building] INFO  o.e.m.c.i.embedder.EclipseLogger - Copying 1 resource
2022-04-10 16:27:42,805 [Worker-6: Building] INFO  o.e.m.c.i.embedder.EclipseLogger - Copying 0 resource
2022-04-10 16:27:42,809 [Worker-6: Building] INFO  o.e.m.c.i.embedder.EclipseLogger - Using 'UTF-8' encoding to copy filtered resources.
2022-04-10 16:27:42,809 [Worker-6: Building] INFO  o.e.m.c.i.embedder.EclipseLogger - Using 'UTF-8' encoding to copy filtered properties files.
2022-04-10 16:27:42,809 [Worker-6: Building] INFO  o.e.m.c.i.embedder.EclipseLogger - skip non existing resourceDirectory D:\Intern\Syamil Job Application\Maybank\Maybank Job\Java Course\Spring Boot\demo(1)\src\test\resources
2022-04-10 16:27:44,705 [Worker-7: Building] INFO  o.e.m.c.i.embedder.EclipseLogger - Using 'UTF-8' encoding to copy filtered resources.
2022-04-10 16:27:44,705 [Worker-7: Building] INFO  o.e.m.c.i.embedder.EclipseLogger - Using 'UTF-8' encoding to copy filtered properties files.
2022-04-10 16:27:44,707 [Worker-7: Building] INFO  o.e.m.c.i.embedder.EclipseLogger - Copying 1 resource
2022-04-10 16:27:44,709 [Worker-7: Building] INFO  o.e.m.c.i.embedder.EclipseLogger - Copying 0 resource
2022-04-10 16:27:44,711 [Worker-7: Building] INFO  o.e.m.c.i.embedder.EclipseLogger - Using 'UTF-8' encoding to copy filtered resources.
2022-04-10 16:27:44,711 [Worker-7: Building] INFO  o.e.m.c.i.embedder.EclipseLogger - Using 'UTF-8' encoding to copy filtered properties files.
2022-04-10 16:27:44,711 [Worker-7: Building] INFO  o.e.m.c.i.embedder.EclipseLogger - skip non existing resourceDirectory D:\Intern\Syamil Job Application\Maybank\Maybank Job\Java Course\Spring Boot\demo(1)\src\test\resources
2022-04-10 16:27:45,797 [Worker-2: Building] INFO  o.e.m.c.i.embedder.EclipseLogger - Using 'UTF-8' encoding to copy filtered resources.
2022-04-10 16:27:45,797 [Worker-2: Building] INFO  o.e.m.c.i.embedder.EclipseLogger - Using 'UTF-8' encoding to copy filtered properties files.
2022-04-10 16:27:45,797 [Worker-2: Building] INFO  o.e.m.c.i.embedder.EclipseLogger - Copying 0 resource
2022-04-10 16:27:45,797 [Worker-2: Building] INFO  o.e.m.c.i.embedder.EclipseLogger - Copying 0 resource
2022-04-10 16:27:45,798 [Worker-2: Building] INFO  o.e.m.c.i.embedder.EclipseLogger - Using 'UTF-8' encoding to copy filtered resources.
2022-04-10 16:27:45,799 [Worker-2: Building] INFO  o.e.m.c.i.embedder.EclipseLogger - Using 'UTF-8' encoding to copy filtered properties files.
2022-04-10 16:27:45,799 [Worker-2: Building] INFO  o.e.m.c.i.embedder.EclipseLogger - skip non existing resourceDirectory D:\Intern\Syamil Job Application\Maybank\Maybank Job\Java Course\Spring Boot\demo(1)\src\test\resources
2022-04-10 16:27:45,831 [Worker-4: Update Maven projects configuration] INFO  o.e.m.c.i.p.ProjectConfigurationManager - Update completed: 6 sec
2022-04-10 16:27:46,892 [Worker-8: Building] INFO  o.e.m.c.i.embedder.EclipseLogger - Using 'UTF-8' encoding to copy filtered resources.
2022-04-10 16:27:46,892 [Worker-8: Building] INFO  o.e.m.c.i.embedder.EclipseLogger - Using 'UTF-8' encoding to copy filtered properties files.
2022-04-10 16:27:46,893 [Worker-8: Building] INFO  o.e.m.c.i.embedder.EclipseLogger - Copying 0 resource
2022-04-10 16:27:46,893 [Worker-8: Building] INFO  o.e.m.c.i.embedder.EclipseLogger - Copying 0 resource
2022-04-10 16:27:46,894 [Worker-8: Building] INFO  o.e.m.c.i.embedder.EclipseLogger - Using 'UTF-8' encoding to copy filtered resources.
2022-04-10 16:27:46,894 [Worker-8: Building] INFO  o.e.m.c.i.embedder.EclipseLogger - Using 'UTF-8' encoding to copy filtered properties files.
2022-04-10 16:27:46,894 [Worker-8: Building] INFO  o.e.m.c.i.embedder.EclipseLogger - skip non existing resourceDirectory D:\Intern\Syamil Job Application\Maybank\Maybank Job\Java Course\Spring Boot\demo(1)\src\test\resources
2022-04-10 17:38:05,467 [Worker-5: Building] INFO  o.e.m.c.i.embedder.EclipseLogger - Using 'UTF-8' encoding to copy filtered resources.
2022-04-10 17:38:05,469 [Worker-5: Building] INFO  o.e.m.c.i.embedder.EclipseLogger - Using 'UTF-8' encoding to copy filtered properties files.
2022-04-10 17:38:05,472 [Worker-5: Building] INFO  o.e.m.c.i.embedder.EclipseLogger - Copying 1 resource
2022-04-10 17:38:05,485 [Worker-5: Building] INFO  o.e.m.c.i.embedder.EclipseLogger - Copying 0 resource
2022-04-10 17:38:05,488 [Worker-5: Building] INFO  o.e.m.c.i.embedder.EclipseLogger - Using 'UTF-8' encoding to copy filtered resources.
2022-04-10 17:38:05,488 [Worker-5: Building] INFO  o.e.m.c.i.embedder.EclipseLogger - Using 'UTF-8' encoding to copy filtered properties files.
2022-04-10 17:38:05,488 [Worker-5: Building] INFO  o.e.m.c.i.embedder.EclipseLogger - skip non existing resourceDirectory D:\Intern\Syamil Job Application\Maybank\Maybank Job\Java Course\Spring Boot\demo(1)\src\test\resources
2022-04-27 13:16:02,655 [ModalContext] INFO  o.e.m.c.i.e.AbstractTransferListenerAdapter - Downloading https://repo1.maven.org/maven2/io/fabric8/archetypes/camel-servlet-war-archetype/1.1.0.CR1/camel-servlet-war-archetype-1.1.0.CR1.jar
2022-04-27 13:16:03,060 [ModalContext] INFO  o.e.m.c.i.e.AbstractTransferListenerAdapter - Downloaded https://repo1.maven.org/maven2/io/fabric8/archetypes/camel-servlet-war-archetype/1.1.0.CR1/camel-servlet-war-archetype-1.1.0.CR1.jar
2022-04-27 13:16:03,313 [ModalContext] INFO  o.e.m.c.i.e.AbstractTransferListenerAdapter - Downloading https://repo1.maven.org/maven2/io/fabric8/archetypes/camel-servlet-war-archetype/1.1.0.CR1/camel-servlet-war-archetype-1.1.0.CR1.pom
2022-04-27 13:16:03,568 [ModalContext] INFO  o.e.m.c.i.e.AbstractTransferListenerAdapter - Downloaded https://repo1.maven.org/maven2/io/fabric8/archetypes/camel-servlet-war-archetype/1.1.0.CR1/camel-servlet-war-archetype-1.1.0.CR1.pom
2022-04-27 13:16:18,114 [Worker-3: Creating camel-servlet-war-archetype] INFO  o.e.m.c.i.p.ProjectConfigurationManager - Collecting project info '/pom.xml' D:\Documents\Spring Boot Course\TestServlet\pom.xml
2022-04-27 13:16:21,843 [Worker-3: Creating camel-servlet-war-archetype] INFO  o.e.m.c.i.e.AbstractTransferListenerAdapter - Downloaded https://repo.fusesource.com/nexus/content/groups/public/io/fabric8/bom/fabric8-bom/1.1.0.CR1/fabric8-bom-1.1.0.CR1.pom
2022-04-27 13:16:22,634 [Worker-3: Creating camel-servlet-war-archetype] INFO  o.e.m.c.i.e.AbstractTransferListenerAdapter - Downloaded https://repo.fusesource.com/nexus/content/groups/public/org/fusesource/fusesource-pom/1.10/fusesource-pom-1.10.pom
2022-04-27 13:16:23,768 [Worker-3: Creating camel-servlet-war-archetype] INFO  o.e.m.c.i.e.AbstractTransferListenerAdapter - Downloaded https://repo.fusesource.com/nexus/content/groups/public/org/apache/maven/plugins/maven-compiler-plugin/2.3.1/maven-compiler-plugin-2.3.1.jar
2022-04-27 13:16:25,339 [Worker-3: Creating camel-servlet-war-archetype] INFO  o.e.m.c.i.e.AbstractTransferListenerAdapter - Downloaded https://repo.fusesource.com/nexus/content/groups/ea/org/apache/maven/plugins/maven-compiler-plugin/2.3.1/maven-compiler-plugin-2.3.1.jar
2022-04-27 13:16:26,555 [Worker-3: Creating camel-servlet-war-archetype] INFO  o.e.m.c.i.e.AbstractTransferListenerAdapter - Downloading https://repo.maven.apache.org/maven2/org/apache/maven/plugins/maven-compiler-plugin/2.3.1/maven-compiler-plugin-2.3.1.jar
2022-04-27 13:16:26,936 [Worker-3: Creating camel-servlet-war-archetype] INFO  o.e.m.c.i.e.AbstractTransferListenerAdapter - Downloaded https://repo.maven.apache.org/maven2/org/apache/maven/plugins/maven-compiler-plugin/2.3.1/maven-compiler-plugin-2.3.1.jar
2022-04-27 13:16:27,321 [Worker-3: Creating camel-servlet-war-archetype] INFO  o.e.m.c.i.e.AbstractTransferListenerAdapter - Downloaded https://repo.fusesource.com/nexus/content/groups/public/org/apache/maven/plugins/maven-surefire-plugin/2.12.4/maven-surefire-plugin-2.12.4.jar
2022-04-27 13:16:27,832 [Worker-3: Creating camel-servlet-war-archetype] INFO  o.e.m.c.i.e.AbstractTransferListenerAdapter - Downloaded https://repo.fusesource.com/nexus/content/groups/ea/org/apache/maven/plugins/maven-surefire-plugin/2.12.4/maven-surefire-plugin-2.12.4.jar
2022-04-27 13:16:28,046 [Worker-3: Creating camel-servlet-war-archetype] INFO  o.e.m.c.i.e.AbstractTransferListenerAdapter - Downloading https://repo.maven.apache.org/maven2/org/apache/maven/plugins/maven-surefire-plugin/2.12.4/maven-surefire-plugin-2.12.4.jar
2022-04-27 13:16:28,309 [Worker-3: Creating camel-servlet-war-archetype] INFO  o.e.m.c.i.e.AbstractTransferListenerAdapter - Downloaded https://repo.maven.apache.org/maven2/org/apache/maven/plugins/maven-surefire-plugin/2.12.4/maven-surefire-plugin-2.12.4.jar
2022-04-27 13:16:28,679 [Worker-3: Creating camel-servlet-war-archetype] INFO  o.e.m.c.i.e.AbstractTransferListenerAdapter - Downloaded https://repo.fusesource.com/nexus/content/groups/public/org/apache/maven/plugins/maven-war-plugin/2.2/maven-war-plugin-2.2.jar
2022-04-27 13:16:29,204 [Worker-3: Creating camel-servlet-war-archetype] INFO  o.e.m.c.i.e.AbstractTransferListenerAdapter - Downloaded https://repo.fusesource.com/nexus/content/groups/ea/org/apache/maven/plugins/maven-war-plugin/2.2/maven-war-plugin-2.2.jar
2022-04-27 13:16:29,417 [Worker-3: Creating camel-servlet-war-archetype] INFO  o.e.m.c.i.e.AbstractTransferListenerAdapter - Downloading https://repo.maven.apache.org/maven2/org/apache/maven/plugins/maven-war-plugin/2.2/maven-war-plugin-2.2.jar
2022-04-27 13:16:29,816 [Worker-3: Creating camel-servlet-war-archetype] INFO  o.e.m.c.i.e.AbstractTransferListenerAdapter - Downloaded https://repo.maven.apache.org/maven2/org/apache/maven/plugins/maven-war-plugin/2.2/maven-war-plugin-2.2.jar
2022-04-27 13:16:30,328 [Worker-3: Creating camel-servlet-war-archetype] INFO  o.e.m.c.i.e.AbstractTransferListenerAdapter - Downloaded https://repo.fusesource.com/nexus/content/groups/public/org/apache/maven/plugins/maven-compiler-plugin/2.3.1/maven-compiler-plugin-2.3.1.pom
2022-04-27 13:16:30,840 [Worker-3: Creating camel-servlet-war-archetype] INFO  o.e.m.c.i.e.AbstractTransferListenerAdapter - Downloaded https://repo.fusesource.com/nexus/content/groups/ea/org/apache/maven/plugins/maven-compiler-plugin/2.3.1/maven-compiler-plugin-2.3.1.pom
2022-04-27 13:16:31,038 [Worker-3: Creating camel-servlet-war-archetype] INFO  o.e.m.c.i.e.AbstractTransferListenerAdapter - Downloading https://repo.maven.apache.org/maven2/org/apache/maven/plugins/maven-compiler-plugin/2.3.1/maven-compiler-plugin-2.3.1.pom
2022-04-27 13:16:31,240 [Worker-3: Creating camel-servlet-war-archetype] INFO  o.e.m.c.i.e.AbstractTransferListenerAdapter - Downloaded https://repo.maven.apache.org/maven2/org/apache/maven/plugins/maven-compiler-plugin/2.3.1/maven-compiler-plugin-2.3.1.pom
2022-04-27 13:16:31,504 [Worker-3: Creating camel-servlet-war-archetype] INFO  o.e.m.c.i.e.AbstractTransferListenerAdapter - Downloaded https://repo.fusesource.com/nexus/content/groups/public/org/apache/maven/plugins/maven-plugins/18/maven-plugins-18.pom
2022-04-27 13:16:32,018 [Worker-3: Creating camel-servlet-war-archetype] INFO  o.e.m.c.i.e.AbstractTransferListenerAdapter - Downloaded https://repo.fusesource.com/nexus/content/groups/ea/org/apache/maven/plugins/maven-plugins/18/maven-plugins-18.pom
2022-04-27 13:16:32,218 [Worker-3: Creating camel-servlet-war-archetype] INFO  o.e.m.c.i.e.AbstractTransferListenerAdapter - Downloading https://repo.maven.apache.org/maven2/org/apache/maven/plugins/maven-plugins/18/maven-plugins-18.pom
2022-04-27 13:16:32,421 [Worker-3: Creating camel-servlet-war-archetype] INFO  o.e.m.c.i.e.AbstractTransferListenerAdapter - Downloaded https://repo.maven.apache.org/maven2/org/apache/maven/plugins/maven-plugins/18/maven-plugins-18.pom
2022-04-27 13:16:33,171 [Worker-3: Creating camel-servlet-war-archetype] INFO  o.e.m.c.i.e.AbstractTransferListenerAdapter - Downloaded https://repo.fusesource.com/nexus/content/groups/public/org/codehaus/plexus/plexus-compiler-api/1.8/plexus-compiler-api-1.8.pom
2022-04-27 13:16:33,690 [Worker-3: Creating camel-servlet-war-archetype] INFO  o.e.m.c.i.e.AbstractTransferListenerAdapter - Downloaded https://repo.fusesource.com/nexus/content/groups/ea/org/codehaus/plexus/plexus-compiler-api/1.8/plexus-compiler-api-1.8.pom
2022-04-27 13:16:33,884 [Worker-3: Creating camel-servlet-war-archetype] INFO  o.e.m.c.i.e.AbstractTransferListenerAdapter - Downloading https://repo.maven.apache.org/maven2/org/codehaus/plexus/plexus-compiler-api/1.8/plexus-compiler-api-1.8.pom
2022-04-27 13:16:34,088 [Worker-3: Creating camel-servlet-war-archetype] INFO  o.e.m.c.i.e.AbstractTransferListenerAdapter - Downloaded https://repo.maven.apache.org/maven2/org/codehaus/plexus/plexus-compiler-api/1.8/plexus-compiler-api-1.8.pom
2022-04-27 13:16:34,411 [Worker-3: Creating camel-servlet-war-archetype] INFO  o.e.m.c.i.e.AbstractTransferListenerAdapter - Downloaded https://repo.fusesource.com/nexus/content/groups/public/org/codehaus/plexus/plexus-compiler/1.8/plexus-compiler-1.8.pom
2022-04-27 13:16:34,933 [Worker-3: Creating camel-servlet-war-archetype] INFO  o.e.m.c.i.e.AbstractTransferListenerAdapter - Downloaded https://repo.fusesource.com/nexus/content/groups/ea/org/codehaus/plexus/plexus-compiler/1.8/plexus-compiler-1.8.pom
2022-04-27 13:16:35,127 [Worker-3: Creating camel-servlet-war-archetype] INFO  o.e.m.c.i.e.AbstractTransferListenerAdapter - Downloading https://repo.maven.apache.org/maven2/org/codehaus/plexus/plexus-compiler/1.8/plexus-compiler-1.8.pom
2022-04-27 13:16:35,330 [Worker-3: Creating camel-servlet-war-archetype] INFO  o.e.m.c.i.e.AbstractTransferListenerAdapter - Downloaded https://repo.maven.apache.org/maven2/org/codehaus/plexus/plexus-compiler/1.8/plexus-compiler-1.8.pom
2022-04-27 13:16:35,686 [Worker-3: Creating camel-servlet-war-archetype] INFO  o.e.m.c.i.e.AbstractTransferListenerAdapter - Downloaded https://repo.fusesource.com/nexus/content/groups/public/org/codehaus/plexus/plexus-compiler-manager/1.8/plexus-compiler-manager-1.8.pom
2022-04-27 13:16:36,216 [Worker-3: Creating camel-servlet-war-archetype] INFO  o.e.m.c.i.e.AbstractTransferListenerAdapter - Downloaded https://repo.fusesource.com/nexus/content/groups/ea/org/codehaus/plexus/plexus-compiler-manager/1.8/plexus-compiler-manager-1.8.pom
2022-04-27 13:16:36,410 [Worker-3: Creating camel-servlet-war-archetype] INFO  o.e.m.c.i.e.AbstractTransferListenerAdapter - Downloading https://repo.maven.apache.org/maven2/org/codehaus/plexus/plexus-compiler-manager/1.8/plexus-compiler-manager-1.8.pom
2022-04-27 13:16:36,616 [Worker-3: Creating camel-servlet-war-archetype] INFO  o.e.m.c.i.e.AbstractTransferListenerAdapter - Downloaded https://repo.maven.apache.org/maven2/org/codehaus/plexus/plexus-compiler-manager/1.8/plexus-compiler-manager-1.8.pom
2022-04-27 13:16:36,946 [Worker-3: Creating camel-servlet-war-archetype] INFO  o.e.m.c.i.e.AbstractTransferListenerAdapter - Downloaded https://repo.fusesource.com/nexus/content/groups/public/org/codehaus/plexus/plexus-compiler-javac/1.8/plexus-compiler-javac-1.8.pom
2022-04-27 13:16:37,473 [Worker-3: Creating camel-servlet-war-archetype] INFO  o.e.m.c.i.e.AbstractTransferListenerAdapter - Downloaded https://repo.fusesource.com/nexus/content/groups/ea/org/codehaus/plexus/plexus-compiler-javac/1.8/plexus-compiler-javac-1.8.pom
2022-04-27 13:16:37,666 [Worker-3: Creating camel-servlet-war-archetype] INFO  o.e.m.c.i.e.AbstractTransferListenerAdapter - Downloading https://repo.maven.apache.org/maven2/org/codehaus/plexus/plexus-compiler-javac/1.8/plexus-compiler-javac-1.8.pom
2022-04-27 13:16:37,870 [Worker-3: Creating camel-servlet-war-archetype] INFO  o.e.m.c.i.e.AbstractTransferListenerAdapter - Downloaded https://repo.maven.apache.org/maven2/org/codehaus/plexus/plexus-compiler-javac/1.8/plexus-compiler-javac-1.8.pom
2022-04-27 13:16:38,203 [Worker-3: Creating camel-servlet-war-archetype] INFO  o.e.m.c.i.e.AbstractTransferListenerAdapter - Downloaded https://repo.fusesource.com/nexus/content/groups/public/org/codehaus/plexus/plexus-compilers/1.8/plexus-compilers-1.8.pom
2022-04-27 13:16:38,726 [Worker-3: Creating camel-servlet-war-archetype] INFO  o.e.m.c.i.e.AbstractTransferListenerAdapter - Downloaded https://repo.fusesource.com/nexus/content/groups/ea/org/codehaus/plexus/plexus-compilers/1.8/plexus-compilers-1.8.pom
2022-04-27 13:16:38,920 [Worker-3: Creating camel-servlet-war-archetype] INFO  o.e.m.c.i.e.AbstractTransferListenerAdapter - Downloading https://repo.maven.apache.org/maven2/org/codehaus/plexus/plexus-compilers/1.8/plexus-compilers-1.8.pom
2022-04-27 13:16:39,120 [Worker-3: Creating camel-servlet-war-archetype] INFO  o.e.m.c.i.e.AbstractTransferListenerAdapter - Downloaded https://repo.maven.apache.org/maven2/org/codehaus/plexus/plexus-compilers/1.8/plexus-compilers-1.8.pom
2022-04-27 13:16:39,460 [AetherRepositoryConnector-repo.fusesource.com-0-1] INFO  o.e.m.c.i.e.AbstractTransferListenerAdapter - Downloaded https://repo.fusesource.com/nexus/content/groups/public/org/codehaus/plexus/plexus-compiler-manager/1.8/plexus-compiler-manager-1.8.jar
2022-04-27 13:16:39,990 [AetherRepositoryConnector-repo.fusesource.com-0-2] INFO  o.e.m.c.i.e.AbstractTransferListenerAdapter - Downloaded https://repo.fusesource.com/nexus/content/groups/public/org/codehaus/plexus/plexus-compiler-javac/1.8/plexus-compiler-javac-1.8.jar
2022-04-27 13:16:40,023 [AetherRepositoryConnector-repo.fusesource.com-0-0] INFO  o.e.m.c.i.e.AbstractTransferListenerAdapter - Downloaded https://repo.fusesource.com/nexus/content/groups/public/org/codehaus/plexus/plexus-compiler-api/1.8/plexus-compiler-api-1.8.jar
2022-04-27 13:16:40,557 [AetherRepositoryConnector-repo.fusesource.com-1-0] INFO  o.e.m.c.i.e.AbstractTransferListenerAdapter - Downloaded https://repo.fusesource.com/nexus/content/groups/ea/org/codehaus/plexus/plexus-compiler-api/1.8/plexus-compiler-api-1.8.jar
2022-04-27 13:16:41,309 [AetherRepositoryConnector-repo.fusesource.com-1-1] INFO  o.e.m.c.i.e.AbstractTransferListenerAdapter - Downloaded https://repo.fusesource.com/nexus/content/groups/ea/org/codehaus/plexus/plexus-compiler-manager/1.8/plexus-compiler-manager-1.8.jar
2022-04-27 13:16:41,354 [AetherRepositoryConnector-repo.fusesource.com-1-2] INFO  o.e.m.c.i.e.AbstractTransferListenerAdapter - Downloaded https://repo.fusesource.com/nexus/content/groups/ea/org/codehaus/plexus/plexus-compiler-javac/1.8/plexus-compiler-javac-1.8.jar
2022-04-27 13:16:41,551 [AetherRepositoryConnector-repo.maven.apache.org-2-1] INFO  o.e.m.c.i.e.AbstractTransferListenerAdapter - Downloading https://repo.maven.apache.org/maven2/org/codehaus/plexus/plexus-compiler-manager/1.8/plexus-compiler-manager-1.8.jar
2022-04-27 13:16:41,744 [AetherRepositoryConnector-repo.maven.apache.org-2-0] INFO  o.e.m.c.i.e.AbstractTransferListenerAdapter - Downloading https://repo.maven.apache.org/maven2/org/codehaus/plexus/plexus-compiler-api/1.8/plexus-compiler-api-1.8.jar
2022-04-27 13:16:41,755 [AetherRepositoryConnector-repo.maven.apache.org-2-2] INFO  o.e.m.c.i.e.AbstractTransferListenerAdapter - Downloading https://repo.maven.apache.org/maven2/org/codehaus/plexus/plexus-compiler-javac/1.8/plexus-compiler-javac-1.8.jar
2022-04-27 13:16:41,926 [AetherRepositoryConnector-repo.maven.apache.org-2-1] INFO  o.e.m.c.i.e.AbstractTransferListenerAdapter - Downloaded https://repo.maven.apache.org/maven2/org/codehaus/plexus/plexus-compiler-manager/1.8/plexus-compiler-manager-1.8.jar
2022-04-27 13:16:42,116 [AetherRepositoryConnector-repo.maven.apache.org-2-2] INFO  o.e.m.c.i.e.AbstractTransferListenerAdapter - Downloaded https://repo.maven.apache.org/maven2/org/codehaus/plexus/plexus-compiler-javac/1.8/plexus-compiler-javac-1.8.jar
2022-04-27 13:16:42,116 [AetherRepositoryConnector-repo.maven.apache.org-2-0] INFO  o.e.m.c.i.e.AbstractTransferListenerAdapter - Downloaded https://repo.maven.apache.org/maven2/org/codehaus/plexus/plexus-compiler-api/1.8/plexus-compiler-api-1.8.jar
2022-04-27 13:16:42,667 [Worker-3: Creating camel-servlet-war-archetype] INFO  o.e.m.c.i.l.LifecycleMappingFactory - Using org.maven.ide.eclipse.wtp.WarLifecycleMapping lifecycle mapping for MavenProject: TestServlet:TestServlet:0.0.1-SNAPSHOT @ D:\Documents\Spring Boot Course\TestServlet\pom.xml.
2022-04-27 13:16:43,001 [Worker-3: Creating camel-servlet-war-archetype] INFO  o.e.m.c.i.e.AbstractTransferListenerAdapter - Downloaded https://repo.fusesource.com/nexus/content/groups/public/org/springframework/spring-web/3.2.8.RELEASE/spring-web-3.2.8.RELEASE.pom
2022-04-27 13:16:43,522 [Worker-3: Creating camel-servlet-war-archetype] INFO  o.e.m.c.i.e.AbstractTransferListenerAdapter - Downloaded https://repo.fusesource.com/nexus/content/groups/ea/org/springframework/spring-web/3.2.8.RELEASE/spring-web-3.2.8.RELEASE.pom
2022-04-27 13:16:44,276 [Worker-3: Creating camel-servlet-war-archetype] INFO  o.e.m.c.i.e.AbstractTransferListenerAdapter - Downloading https://repo.maven.apache.org/maven2/org/springframework/spring-web/3.2.8.RELEASE/spring-web-3.2.8.RELEASE.pom
2022-04-27 13:16:44,652 [Worker-3: Creating camel-servlet-war-archetype] INFO  o.e.m.c.i.e.AbstractTransferListenerAdapter - Downloaded https://repo.maven.apache.org/maven2/org/springframework/spring-web/3.2.8.RELEASE/spring-web-3.2.8.RELEASE.pom
2022-04-27 13:16:44,976 [Worker-3: Creating camel-servlet-war-archetype] INFO  o.e.m.c.i.e.AbstractTransferListenerAdapter - Downloaded https://repo.fusesource.com/nexus/content/groups/public/org/springframework/spring-aop/3.2.8.RELEASE/spring-aop-3.2.8.RELEASE.pom
2022-04-27 13:16:45,499 [Worker-3: Creating camel-servlet-war-archetype] INFO  o.e.m.c.i.e.AbstractTransferListenerAdapter - Downloaded https://repo.fusesource.com/nexus/content/groups/ea/org/springframework/spring-aop/3.2.8.RELEASE/spring-aop-3.2.8.RELEASE.pom
2022-04-27 13:16:45,692 [Worker-3: Creating camel-servlet-war-archetype] INFO  o.e.m.c.i.e.AbstractTransferListenerAdapter - Downloading https://repo.maven.apache.org/maven2/org/springframework/spring-aop/3.2.8.RELEASE/spring-aop-3.2.8.RELEASE.pom
2022-04-27 13:16:45,892 [Worker-3: Creating camel-servlet-war-archetype] INFO  o.e.m.c.i.e.AbstractTransferListenerAdapter - Downloaded https://repo.maven.apache.org/maven2/org/springframework/spring-aop/3.2.8.RELEASE/spring-aop-3.2.8.RELEASE.pom
2022-04-27 13:16:46,228 [Worker-3: Creating camel-servlet-war-archetype] INFO  o.e.m.c.i.e.AbstractTransferListenerAdapter - Downloaded https://repo.fusesource.com/nexus/content/groups/public/org/springframework/spring-beans/3.2.8.RELEASE/spring-beans-3.2.8.RELEASE.pom
2022-04-27 13:16:46,752 [Worker-3: Creating camel-servlet-war-archetype] INFO  o.e.m.c.i.e.AbstractTransferListenerAdapter - Downloaded https://repo.fusesource.com/nexus/content/groups/ea/org/springframework/spring-beans/3.2.8.RELEASE/spring-beans-3.2.8.RELEASE.pom
2022-04-27 13:16:46,965 [Worker-3: Creating camel-servlet-war-archetype] INFO  o.e.m.c.i.e.AbstractTransferListenerAdapter - Downloading https://repo.maven.apache.org/maven2/org/springframework/spring-beans/3.2.8.RELEASE/spring-beans-3.2.8.RELEASE.pom
2022-04-27 13:16:47,170 [Worker-3: Creating camel-servlet-war-archetype] INFO  o.e.m.c.i.e.AbstractTransferListenerAdapter - Downloaded https://repo.maven.apache.org/maven2/org/springframework/spring-beans/3.2.8.RELEASE/spring-beans-3.2.8.RELEASE.pom
2022-04-27 13:16:47,501 [Worker-3: Creating camel-servlet-war-archetype] INFO  o.e.m.c.i.e.AbstractTransferListenerAdapter - Downloaded https://repo.fusesource.com/nexus/content/groups/public/org/springframework/spring-core/3.2.8.RELEASE/spring-core-3.2.8.RELEASE.pom
2022-04-27 13:16:48,025 [Worker-3: Creating camel-servlet-war-archetype] INFO  o.e.m.c.i.e.AbstractTransferListenerAdapter - Downloaded https://repo.fusesource.com/nexus/content/groups/ea/org/springframework/spring-core/3.2.8.RELEASE/spring-core-3.2.8.RELEASE.pom
2022-04-27 13:16:48,216 [Worker-3: Creating camel-servlet-war-archetype] INFO  o.e.m.c.i.e.AbstractTransferListenerAdapter - Downloading https://repo.maven.apache.org/maven2/org/springframework/spring-core/3.2.8.RELEASE/spring-core-3.2.8.RELEASE.pom
2022-04-27 13:16:48,416 [Worker-3: Creating camel-servlet-war-archetype] INFO  o.e.m.c.i.e.AbstractTransferListenerAdapter - Downloaded https://repo.maven.apache.org/maven2/org/springframework/spring-core/3.2.8.RELEASE/spring-core-3.2.8.RELEASE.pom
2022-04-27 13:16:48,740 [Worker-3: Creating camel-servlet-war-archetype] INFO  o.e.m.c.i.e.AbstractTransferListenerAdapter - Downloaded https://repo.fusesource.com/nexus/content/groups/public/commons-logging/commons-logging/1.1.3/commons-logging-1.1.3.pom
2022-04-27 13:16:49,264 [Worker-3: Creating camel-servlet-war-archetype] INFO  o.e.m.c.i.e.AbstractTransferListenerAdapter - Downloaded https://repo.fusesource.com/nexus/content/groups/ea/commons-logging/commons-logging/1.1.3/commons-logging-1.1.3.pom
2022-04-27 13:16:49,455 [Worker-3: Creating camel-servlet-war-archetype] INFO  o.e.m.c.i.e.AbstractTransferListenerAdapter - Downloading https://repo.maven.apache.org/maven2/commons-logging/commons-logging/1.1.3/commons-logging-1.1.3.pom
2022-04-27 13:16:49,692 [Worker-3: Creating camel-servlet-war-archetype] INFO  o.e.m.c.i.e.AbstractTransferListenerAdapter - Downloaded https://repo.maven.apache.org/maven2/commons-logging/commons-logging/1.1.3/commons-logging-1.1.3.pom
2022-04-27 13:16:50,021 [Worker-3: Creating camel-servlet-war-archetype] INFO  o.e.m.c.i.e.AbstractTransferListenerAdapter - Downloaded https://repo.fusesource.com/nexus/content/groups/public/org/apache/commons/commons-parent/28/commons-parent-28.pom
2022-04-27 13:16:50,533 [Worker-3: Creating camel-servlet-war-archetype] INFO  o.e.m.c.i.e.AbstractTransferListenerAdapter - Downloaded https://repo.fusesource.com/nexus/content/groups/ea/org/apache/commons/commons-parent/28/commons-parent-28.pom
2022-04-27 13:16:50,724 [Worker-3: Creating camel-servlet-war-archetype] INFO  o.e.m.c.i.e.AbstractTransferListenerAdapter - Downloading https://repo.maven.apache.org/maven2/org/apache/commons/commons-parent/28/commons-parent-28.pom
2022-04-27 13:16:51,120 [Worker-3: Creating camel-servlet-war-archetype] INFO  o.e.m.c.i.e.AbstractTransferListenerAdapter - Downloaded https://repo.maven.apache.org/maven2/org/apache/commons/commons-parent/28/commons-parent-28.pom
2022-04-27 13:16:51,457 [Worker-3: Creating camel-servlet-war-archetype] INFO  o.e.m.c.i.e.AbstractTransferListenerAdapter - Downloaded https://repo.fusesource.com/nexus/content/groups/public/org/springframework/spring-context/3.2.8.RELEASE/spring-context-3.2.8.RELEASE.pom
2022-04-27 13:16:51,979 [Worker-3: Creating camel-servlet-war-archetype] INFO  o.e.m.c.i.e.AbstractTransferListenerAdapter - Downloaded https://repo.fusesource.com/nexus/content/groups/ea/org/springframework/spring-context/3.2.8.RELEASE/spring-context-3.2.8.RELEASE.pom
2022-04-27 13:16:52,173 [Worker-3: Creating camel-servlet-war-archetype] INFO  o.e.m.c.i.e.AbstractTransferListenerAdapter - Downloading https://repo.maven.apache.org/maven2/org/springframework/spring-context/3.2.8.RELEASE/spring-context-3.2.8.RELEASE.pom
2022-04-27 13:16:52,382 [Worker-3: Creating camel-servlet-war-archetype] INFO  o.e.m.c.i.e.AbstractTransferListenerAdapter - Downloaded https://repo.maven.apache.org/maven2/org/springframework/spring-context/3.2.8.RELEASE/spring-context-3.2.8.RELEASE.pom
2022-04-27 13:16:52,704 [Worker-3: Creating camel-servlet-war-archetype] INFO  o.e.m.c.i.e.AbstractTransferListenerAdapter - Downloaded https://repo.fusesource.com/nexus/content/groups/public/org/springframework/spring-expression/3.2.8.RELEASE/spring-expression-3.2.8.RELEASE.pom
2022-04-27 13:16:53,222 [Worker-3: Creating camel-servlet-war-archetype] INFO  o.e.m.c.i.e.AbstractTransferListenerAdapter - Downloaded https://repo.fusesource.com/nexus/content/groups/ea/org/springframework/spring-expression/3.2.8.RELEASE/spring-expression-3.2.8.RELEASE.pom
2022-04-27 13:16:53,415 [Worker-3: Creating camel-servlet-war-archetype] INFO  o.e.m.c.i.e.AbstractTransferListenerAdapter - Downloading https://repo.maven.apache.org/maven2/org/springframework/spring-expression/3.2.8.RELEASE/spring-expression-3.2.8.RELEASE.pom
2022-04-27 13:16:53,615 [Worker-3: Creating camel-servlet-war-archetype] INFO  o.e.m.c.i.e.AbstractTransferListenerAdapter - Downloaded https://repo.maven.apache.org/maven2/org/springframework/spring-expression/3.2.8.RELEASE/spring-expression-3.2.8.RELEASE.pom
2022-04-27 13:16:53,938 [Worker-3: Creating camel-servlet-war-archetype] INFO  o.e.m.c.i.e.AbstractTransferListenerAdapter - Downloaded https://repo.fusesource.com/nexus/content/groups/public/org/apache/camel/camel-spring/2.13.1/camel-spring-2.13.1.pom
2022-04-27 13:16:54,470 [Worker-3: Creating camel-servlet-war-archetype] INFO  o.e.m.c.i.e.AbstractTransferListenerAdapter - Downloaded https://repo.fusesource.com/nexus/content/groups/ea/org/apache/camel/camel-spring/2.13.1/camel-spring-2.13.1.pom
2022-04-27 13:16:54,732 [Worker-3: Creating camel-servlet-war-archetype] INFO  o.e.m.c.i.e.AbstractTransferListenerAdapter - Downloading https://repo.maven.apache.org/maven2/org/apache/camel/camel-spring/2.13.1/camel-spring-2.13.1.pom
2022-04-27 13:16:55,012 [Worker-3: Creating camel-servlet-war-archetype] INFO  o.e.m.c.i.e.AbstractTransferListenerAdapter - Downloaded https://repo.maven.apache.org/maven2/org/apache/camel/camel-spring/2.13.1/camel-spring-2.13.1.pom
2022-04-27 13:16:55,344 [Worker-3: Creating camel-servlet-war-archetype] INFO  o.e.m.c.i.e.AbstractTransferListenerAdapter - Downloaded https://repo.fusesource.com/nexus/content/groups/public/org/apache/camel/components/2.13.1/components-2.13.1.pom
2022-04-27 13:16:55,894 [Worker-3: Creating camel-servlet-war-archetype] INFO  o.e.m.c.i.e.AbstractTransferListenerAdapter - Downloaded https://repo.fusesource.com/nexus/content/groups/ea/org/apache/camel/components/2.13.1/components-2.13.1.pom
2022-04-27 13:16:56,147 [Worker-3: Creating camel-servlet-war-archetype] INFO  o.e.m.c.i.e.AbstractTransferListenerAdapter - Downloading https://repo.maven.apache.org/maven2/org/apache/camel/components/2.13.1/components-2.13.1.pom
2022-04-27 13:16:56,411 [Worker-3: Creating camel-servlet-war-archetype] INFO  o.e.m.c.i.e.AbstractTransferListenerAdapter - Downloaded https://repo.maven.apache.org/maven2/org/apache/camel/components/2.13.1/components-2.13.1.pom
2022-04-27 13:16:56,733 [Worker-3: Creating camel-servlet-war-archetype] INFO  o.e.m.c.i.e.AbstractTransferListenerAdapter - Downloaded https://repo.fusesource.com/nexus/content/groups/public/org/apache/camel/camel-parent/2.13.1/camel-parent-2.13.1.pom
2022-04-27 13:16:57,261 [Worker-3: Creating camel-servlet-war-archetype] INFO  o.e.m.c.i.e.AbstractTransferListenerAdapter - Downloaded https://repo.fusesource.com/nexus/content/groups/ea/org/apache/camel/camel-parent/2.13.1/camel-parent-2.13.1.pom
2022-04-27 13:16:57,469 [Worker-3: Creating camel-servlet-war-archetype] INFO  o.e.m.c.i.e.AbstractTransferListenerAdapter - Downloading https://repo.maven.apache.org/maven2/org/apache/camel/camel-parent/2.13.1/camel-parent-2.13.1.pom
2022-04-27 13:16:57,920 [Worker-3: Creating camel-servlet-war-archetype] INFO  o.e.m.c.i.e.AbstractTransferListenerAdapter - Downloaded https://repo.maven.apache.org/maven2/org/apache/camel/camel-parent/2.13.1/camel-parent-2.13.1.pom
2022-04-27 13:16:58,267 [Worker-3: Creating camel-servlet-war-archetype] INFO  o.e.m.c.i.e.AbstractTransferListenerAdapter - Downloaded https://repo.fusesource.com/nexus/content/groups/public/org/apache/camel/camel/2.13.1/camel-2.13.1.pom
2022-04-27 13:16:58,833 [Worker-3: Creating camel-servlet-war-archetype] INFO  o.e.m.c.i.e.AbstractTransferListenerAdapter - Downloaded https://repo.fusesource.com/nexus/content/groups/ea/org/apache/camel/camel/2.13.1/camel-2.13.1.pom
2022-04-27 13:16:59,090 [Worker-3: Creating camel-servlet-war-archetype] INFO  o.e.m.c.i.e.AbstractTransferListenerAdapter - Downloading https://repo.maven.apache.org/maven2/org/apache/camel/camel/2.13.1/camel-2.13.1.pom
2022-04-27 13:16:59,349 [Worker-3: Creating camel-servlet-war-archetype] INFO  o.e.m.c.i.e.AbstractTransferListenerAdapter - Downloaded https://repo.maven.apache.org/maven2/org/apache/camel/camel/2.13.1/camel-2.13.1.pom
2022-04-27 13:16:59,681 [Worker-3: Creating camel-servlet-war-archetype] INFO  o.e.m.c.i.e.AbstractTransferListenerAdapter - Downloaded https://repo.fusesource.com/nexus/content/groups/public/org/optaplanner/optaplanner-bom/6.0.1.Final/optaplanner-bom-6.0.1.Final.pom
2022-04-27 13:17:00,214 [Worker-3: Creating camel-servlet-war-archetype] INFO  o.e.m.c.i.e.AbstractTransferListenerAdapter - Downloaded https://repo.fusesource.com/nexus/content/groups/ea/org/optaplanner/optaplanner-bom/6.0.1.Final/optaplanner-bom-6.0.1.Final.pom
2022-04-27 13:17:00,515 [Worker-3: Creating camel-servlet-war-archetype] INFO  o.e.m.c.i.e.AbstractTransferListenerAdapter - Downloading https://repo.maven.apache.org/maven2/org/optaplanner/optaplanner-bom/6.0.1.Final/optaplanner-bom-6.0.1.Final.pom
2022-04-27 13:17:00,714 [Worker-3: Creating camel-servlet-war-archetype] INFO  o.e.m.c.i.e.AbstractTransferListenerAdapter - Downloaded https://repo.maven.apache.org/maven2/org/optaplanner/optaplanner-bom/6.0.1.Final/optaplanner-bom-6.0.1.Final.pom
2022-04-27 13:17:01,045 [Worker-3: Creating camel-servlet-war-archetype] INFO  o.e.m.c.i.e.AbstractTransferListenerAdapter - Downloaded https://repo.fusesource.com/nexus/content/groups/public/org/kie/kie-parent-metadata/6.0.1.Final/kie-parent-metadata-6.0.1.Final.pom
2022-04-27 13:17:01,566 [Worker-3: Creating camel-servlet-war-archetype] INFO  o.e.m.c.i.e.AbstractTransferListenerAdapter - Downloaded https://repo.fusesource.com/nexus/content/groups/ea/org/kie/kie-parent-metadata/6.0.1.Final/kie-parent-metadata-6.0.1.Final.pom
2022-04-27 13:17:01,832 [Worker-3: Creating camel-servlet-war-archetype] INFO  o.e.m.c.i.e.AbstractTransferListenerAdapter - Downloading https://repo.maven.apache.org/maven2/org/kie/kie-parent-metadata/6.0.1.Final/kie-parent-metadata-6.0.1.Final.pom
2022-04-27 13:17:02,037 [Worker-3: Creating camel-servlet-war-archetype] INFO  o.e.m.c.i.e.AbstractTransferListenerAdapter - Downloaded https://repo.maven.apache.org/maven2/org/kie/kie-parent-metadata/6.0.1.Final/kie-parent-metadata-6.0.1.Final.pom
2022-04-27 13:17:02,360 [Worker-3: Creating camel-servlet-war-archetype] INFO  o.e.m.c.i.e.AbstractTransferListenerAdapter - Downloaded https://repo.fusesource.com/nexus/content/groups/public/org/jboss/integration-platform/jboss-integration-platform-parent/6.0.0.CR5/jboss-integration-platform-parent-6.0.0.CR5.pom
2022-04-27 13:17:02,891 [Worker-3: Creating camel-servlet-war-archetype] INFO  o.e.m.c.i.e.AbstractTransferListenerAdapter - Downloaded https://repo.fusesource.com/nexus/content/groups/ea/org/jboss/integration-platform/jboss-integration-platform-parent/6.0.0.CR5/jboss-integration-platform-parent-6.0.0.CR5.pom
2022-04-27 13:17:03,092 [Worker-3: Creating camel-servlet-war-archetype] INFO  o.e.m.c.i.e.AbstractTransferListenerAdapter - Downloading https://repo.maven.apache.org/maven2/org/jboss/integration-platform/jboss-integration-platform-parent/6.0.0.CR5/jboss-integration-platform-parent-6.0.0.CR5.pom
2022-04-27 13:17:03,296 [Worker-3: Creating camel-servlet-war-archetype] INFO  o.e.m.c.i.e.AbstractTransferListenerAdapter - Downloaded https://repo.maven.apache.org/maven2/org/jboss/integration-platform/jboss-integration-platform-parent/6.0.0.CR5/jboss-integration-platform-parent-6.0.0.CR5.pom
2022-04-27 13:17:03,619 [Worker-3: Creating camel-servlet-war-archetype] INFO  o.e.m.c.i.e.AbstractTransferListenerAdapter - Downloaded https://repo.fusesource.com/nexus/content/groups/public/org/jboss/jboss-parent/10/jboss-parent-10.pom
2022-04-27 13:17:04,150 [Worker-3: Creating camel-servlet-war-archetype] INFO  o.e.m.c.i.e.AbstractTransferListenerAdapter - Downloaded https://repo.fusesource.com/nexus/content/groups/ea/org/jboss/jboss-parent/10/jboss-parent-10.pom
2022-04-27 13:17:04,349 [Worker-3: Creating camel-servlet-war-archetype] INFO  o.e.m.c.i.e.AbstractTransferListenerAdapter - Downloading https://repo.maven.apache.org/maven2/org/jboss/jboss-parent/10/jboss-parent-10.pom
2022-04-27 13:17:04,556 [Worker-3: Creating camel-servlet-war-archetype] INFO  o.e.m.c.i.e.AbstractTransferListenerAdapter - Downloaded https://repo.maven.apache.org/maven2/org/jboss/jboss-parent/10/jboss-parent-10.pom
2022-04-27 13:17:04,886 [Worker-3: Creating camel-servlet-war-archetype] INFO  o.e.m.c.i.e.AbstractTransferListenerAdapter - Downloaded https://repo.fusesource.com/nexus/content/groups/public/org/apache/camel/camel-core/2.13.1/camel-core-2.13.1.pom
2022-04-27 13:17:05,418 [Worker-3: Creating camel-servlet-war-archetype] INFO  o.e.m.c.i.e.AbstractTransferListenerAdapter - Downloaded https://repo.fusesource.com/nexus/content/groups/ea/org/apache/camel/camel-core/2.13.1/camel-core-2.13.1.pom
2022-04-27 13:17:05,616 [Worker-3: Creating camel-servlet-war-archetype] INFO  o.e.m.c.i.e.AbstractTransferListenerAdapter - Downloading https://repo.maven.apache.org/maven2/org/apache/camel/camel-core/2.13.1/camel-core-2.13.1.pom
2022-04-27 13:17:05,885 [Worker-3: Creating camel-servlet-war-archetype] INFO  o.e.m.c.i.e.AbstractTransferListenerAdapter - Downloaded https://repo.maven.apache.org/maven2/org/apache/camel/camel-core/2.13.1/camel-core-2.13.1.pom
2022-04-27 13:17:06,231 [Worker-3: Creating camel-servlet-war-archetype] INFO  o.e.m.c.i.e.AbstractTransferListenerAdapter - Downloaded https://repo.fusesource.com/nexus/content/groups/public/com/sun/xml/bind/jaxb-impl/2.2.6/jaxb-impl-2.2.6.pom
2022-04-27 13:17:06,752 [Worker-3: Creating camel-servlet-war-archetype] INFO  o.e.m.c.i.e.AbstractTransferListenerAdapter - Downloaded https://repo.fusesource.com/nexus/content/groups/ea/com/sun/xml/bind/jaxb-impl/2.2.6/jaxb-impl-2.2.6.pom
2022-04-27 13:17:06,946 [Worker-3: Creating camel-servlet-war-archetype] INFO  o.e.m.c.i.e.AbstractTransferListenerAdapter - Downloading https://repo.maven.apache.org/maven2/com/sun/xml/bind/jaxb-impl/2.2.6/jaxb-impl-2.2.6.pom
2022-04-27 13:17:07,146 [Worker-3: Creating camel-servlet-war-archetype] INFO  o.e.m.c.i.e.AbstractTransferListenerAdapter - Downloaded https://repo.maven.apache.org/maven2/com/sun/xml/bind/jaxb-impl/2.2.6/jaxb-impl-2.2.6.pom
2022-04-27 13:17:07,410 [Worker-3: Creating camel-servlet-war-archetype] INFO  o.e.m.c.i.e.AbstractTransferListenerAdapter - Downloaded https://repo.fusesource.com/nexus/content/groups/public/net/java/jvnet-parent/1/jvnet-parent-1.pom
2022-04-27 13:17:07,932 [Worker-3: Creating camel-servlet-war-archetype] INFO  o.e.m.c.i.e.AbstractTransferListenerAdapter - Downloaded https://repo.fusesource.com/nexus/content/groups/ea/net/java/jvnet-parent/1/jvnet-parent-1.pom
2022-04-27 13:17:08,125 [Worker-3: Creating camel-servlet-war-archetype] INFO  o.e.m.c.i.e.AbstractTransferListenerAdapter - Downloading https://repo.maven.apache.org/maven2/net/java/jvnet-parent/1/jvnet-parent-1.pom
2022-04-27 13:17:08,324 [Worker-3: Creating camel-servlet-war-archetype] INFO  o.e.m.c.i.e.AbstractTransferListenerAdapter - Downloaded https://repo.maven.apache.org/maven2/net/java/jvnet-parent/1/jvnet-parent-1.pom
2022-04-27 13:17:08,646 [Worker-3: Creating camel-servlet-war-archetype] INFO  o.e.m.c.i.e.AbstractTransferListenerAdapter - Downloaded https://repo.fusesource.com/nexus/content/groups/public/org/springframework/spring-tx/3.2.8.RELEASE/spring-tx-3.2.8.RELEASE.pom
2022-04-27 13:17:09,165 [Worker-3: Creating camel-servlet-war-archetype] INFO  o.e.m.c.i.e.AbstractTransferListenerAdapter - Downloaded https://repo.fusesource.com/nexus/content/groups/ea/org/springframework/spring-tx/3.2.8.RELEASE/spring-tx-3.2.8.RELEASE.pom
2022-04-27 13:17:09,360 [Worker-3: Creating camel-servlet-war-archetype] INFO  o.e.m.c.i.e.AbstractTransferListenerAdapter - Downloading https://repo.maven.apache.org/maven2/org/springframework/spring-tx/3.2.8.RELEASE/spring-tx-3.2.8.RELEASE.pom
2022-04-27 13:17:09,560 [Worker-3: Creating camel-servlet-war-archetype] INFO  o.e.m.c.i.e.AbstractTransferListenerAdapter - Downloaded https://repo.maven.apache.org/maven2/org/springframework/spring-tx/3.2.8.RELEASE/spring-tx-3.2.8.RELEASE.pom
2022-04-27 13:17:09,892 [Worker-3: Creating camel-servlet-war-archetype] INFO  o.e.m.c.i.e.AbstractTransferListenerAdapter - Downloaded https://repo.fusesource.com/nexus/content/groups/public/org/apache/camel/camel-servlet/2.13.1/camel-servlet-2.13.1.pom
2022-04-27 13:17:10,457 [Worker-3: Creating camel-servlet-war-archetype] INFO  o.e.m.c.i.e.AbstractTransferListenerAdapter - Downloaded https://repo.fusesource.com/nexus/content/groups/ea/org/apache/camel/camel-servlet/2.13.1/camel-servlet-2.13.1.pom
2022-04-27 13:17:10,717 [Worker-3: Creating camel-servlet-war-archetype] INFO  o.e.m.c.i.e.AbstractTransferListenerAdapter - Downloading https://repo.maven.apache.org/maven2/org/apache/camel/camel-servlet/2.13.1/camel-servlet-2.13.1.pom
2022-04-27 13:17:10,982 [Worker-3: Creating camel-servlet-war-archetype] INFO  o.e.m.c.i.e.AbstractTransferListenerAdapter - Downloaded https://repo.maven.apache.org/maven2/org/apache/camel/camel-servlet/2.13.1/camel-servlet-2.13.1.pom
2022-04-27 13:17:11,308 [Worker-3: Creating camel-servlet-war-archetype] INFO  o.e.m.c.i.e.AbstractTransferListenerAdapter - Downloaded https://repo.fusesource.com/nexus/content/groups/public/org/apache/camel/camel-http/2.13.1/camel-http-2.13.1.pom
2022-04-27 13:17:11,845 [Worker-3: Creating camel-servlet-war-archetype] INFO  o.e.m.c.i.e.AbstractTransferListenerAdapter - Downloaded https://repo.fusesource.com/nexus/content/groups/ea/org/apache/camel/camel-http/2.13.1/camel-http-2.13.1.pom
2022-04-27 13:17:12,095 [Worker-3: Creating camel-servlet-war-archetype] INFO  o.e.m.c.i.e.AbstractTransferListenerAdapter - Downloading https://repo.maven.apache.org/maven2/org/apache/camel/camel-http/2.13.1/camel-http-2.13.1.pom
2022-04-27 13:17:12,354 [Worker-3: Creating camel-servlet-war-archetype] INFO  o.e.m.c.i.e.AbstractTransferListenerAdapter - Downloaded https://repo.maven.apache.org/maven2/org/apache/camel/camel-http/2.13.1/camel-http-2.13.1.pom
2022-04-27 13:17:12,623 [Worker-3: Creating camel-servlet-war-archetype] INFO  o.e.m.c.i.e.AbstractTransferListenerAdapter - Downloaded https://repo.fusesource.com/nexus/content/groups/public/commons-httpclient/commons-httpclient/3.1/commons-httpclient-3.1.pom
2022-04-27 13:17:13,226 [Worker-3: Creating camel-servlet-war-archetype] INFO  o.e.m.c.i.e.AbstractTransferListenerAdapter - Downloaded https://repo.fusesource.com/nexus/content/groups/ea/commons-httpclient/commons-httpclient/3.1/commons-httpclient-3.1.pom
2022-04-27 13:17:13,419 [Worker-3: Creating camel-servlet-war-archetype] INFO  o.e.m.c.i.e.AbstractTransferListenerAdapter - Downloading https://repo.maven.apache.org/maven2/commons-httpclient/commons-httpclient/3.1/commons-httpclient-3.1.pom
2022-04-27 13:17:13,621 [Worker-3: Creating camel-servlet-war-archetype] INFO  o.e.m.c.i.e.AbstractTransferListenerAdapter - Downloaded https://repo.maven.apache.org/maven2/commons-httpclient/commons-httpclient/3.1/commons-httpclient-3.1.pom
2022-04-27 13:17:13,923 [Worker-3: Creating camel-servlet-war-archetype] INFO  o.e.m.c.i.e.AbstractTransferListenerAdapter - Downloaded https://repo.fusesource.com/nexus/content/groups/public/org/slf4j/slf4j-log4j12/1.7.5/slf4j-log4j12-1.7.5.pom
2022-04-27 13:17:14,433 [Worker-3: Creating camel-servlet-war-archetype] INFO  o.e.m.c.i.e.AbstractTransferListenerAdapter - Downloaded https://repo.fusesource.com/nexus/content/groups/ea/org/slf4j/slf4j-log4j12/1.7.5/slf4j-log4j12-1.7.5.pom
2022-04-27 13:17:14,625 [Worker-3: Creating camel-servlet-war-archetype] INFO  o.e.m.c.i.e.AbstractTransferListenerAdapter - Downloading https://repo.maven.apache.org/maven2/org/slf4j/slf4j-log4j12/1.7.5/slf4j-log4j12-1.7.5.pom
2022-04-27 13:17:14,825 [Worker-3: Creating camel-servlet-war-archetype] INFO  o.e.m.c.i.e.AbstractTransferListenerAdapter - Downloaded https://repo.maven.apache.org/maven2/org/slf4j/slf4j-log4j12/1.7.5/slf4j-log4j12-1.7.5.pom
2022-04-27 13:17:15,088 [Worker-3: Creating camel-servlet-war-archetype] INFO  o.e.m.c.i.e.AbstractTransferListenerAdapter - Downloaded https://repo.fusesource.com/nexus/content/groups/public/log4j/log4j/1.2.17/log4j-1.2.17.pom
2022-04-27 13:17:15,607 [Worker-3: Creating camel-servlet-war-archetype] INFO  o.e.m.c.i.e.AbstractTransferListenerAdapter - Downloaded https://repo.fusesource.com/nexus/content/groups/ea/log4j/log4j/1.2.17/log4j-1.2.17.pom
2022-04-27 13:17:15,806 [Worker-3: Creating camel-servlet-war-archetype] INFO  o.e.m.c.i.e.AbstractTransferListenerAdapter - Downloading https://repo.maven.apache.org/maven2/log4j/log4j/1.2.17/log4j-1.2.17.pom
2022-04-27 13:17:16,007 [Worker-3: Creating camel-servlet-war-archetype] INFO  o.e.m.c.i.e.AbstractTransferListenerAdapter - Downloaded https://repo.maven.apache.org/maven2/log4j/log4j/1.2.17/log4j-1.2.17.pom
2022-04-27 13:17:16,332 [AetherRepositoryConnector-repo.fusesource.com-3-0] INFO  o.e.m.c.i.e.AbstractTransferListenerAdapter - Downloaded https://repo.fusesource.com/nexus/content/groups/public/org/springframework/spring-web/3.2.8.RELEASE/spring-web-3.2.8.RELEASE.jar
2022-04-27 13:17:16,333 [AetherRepositoryConnector-repo.fusesource.com-3-1] INFO  o.e.m.c.i.e.AbstractTransferListenerAdapter - Downloaded https://repo.fusesource.com/nexus/content/groups/public/org/springframework/spring-aop/3.2.8.RELEASE/spring-aop-3.2.8.RELEASE.jar
2022-04-27 13:17:16,337 [AetherRepositoryConnector-repo.fusesource.com-3-3] INFO  o.e.m.c.i.e.AbstractTransferListenerAdapter - Downloaded https://repo.fusesource.com/nexus/content/groups/public/org/springframework/spring-context/3.2.8.RELEASE/spring-context-3.2.8.RELEASE.jar
2022-04-27 13:17:16,652 [AetherRepositoryConnector-repo.fusesource.com-3-0] INFO  o.e.m.c.i.e.AbstractTransferListenerAdapter - Downloaded https://repo.fusesource.com/nexus/content/groups/public/org/springframework/spring-core/3.2.8.RELEASE/spring-core-3.2.8.RELEASE.jar
2022-04-27 13:17:16,660 [AetherRepositoryConnector-repo.fusesource.com-3-1] INFO  o.e.m.c.i.e.AbstractTransferListenerAdapter - Downloaded https://repo.fusesource.com/nexus/content/groups/public/commons-logging/commons-logging/1.1.3/commons-logging-1.1.3.jar
2022-04-27 13:17:16,701 [AetherRepositoryConnector-repo.fusesource.com-3-3] INFO  o.e.m.c.i.e.AbstractTransferListenerAdapter - Downloaded https://repo.fusesource.com/nexus/content/groups/public/org/apache/camel/camel-spring/2.13.1/camel-spring-2.13.1.jar
2022-04-27 13:17:16,876 [AetherRepositoryConnector-repo.fusesource.com-3-4] INFO  o.e.m.c.i.e.AbstractTransferListenerAdapter - Downloaded https://repo.fusesource.com/nexus/content/groups/public/org/springframework/spring-expression/3.2.8.RELEASE/spring-expression-3.2.8.RELEASE.jar
2022-04-27 13:17:16,980 [AetherRepositoryConnector-repo.fusesource.com-3-1] INFO  o.e.m.c.i.e.AbstractTransferListenerAdapter - Downloaded https://repo.fusesource.com/nexus/content/groups/public/com/sun/xml/bind/jaxb-impl/2.2.6/jaxb-impl-2.2.6.jar
2022-04-27 13:17:16,996 [AetherRepositoryConnector-repo.fusesource.com-3-0] INFO  o.e.m.c.i.e.AbstractTransferListenerAdapter - Downloaded https://repo.fusesource.com/nexus/content/groups/public/org/apache/camel/camel-core/2.13.1/camel-core-2.13.1.jar
2022-04-27 13:17:17,017 [AetherRepositoryConnector-repo.fusesource.com-3-3] INFO  o.e.m.c.i.e.AbstractTransferListenerAdapter - Downloaded https://repo.fusesource.com/nexus/content/groups/public/org/springframework/spring-tx/3.2.8.RELEASE/spring-tx-3.2.8.RELEASE.jar
2022-04-27 13:17:17,198 [AetherRepositoryConnector-repo.fusesource.com-3-4] INFO  o.e.m.c.i.e.AbstractTransferListenerAdapter - Downloaded https://repo.fusesource.com/nexus/content/groups/public/org/apache/camel/camel-servlet/2.13.1/camel-servlet-2.13.1.jar
2022-04-27 13:17:17,259 [AetherRepositoryConnector-repo.fusesource.com-3-0] INFO  o.e.m.c.i.e.AbstractTransferListenerAdapter - Downloaded https://repo.fusesource.com/nexus/content/groups/public/commons-httpclient/commons-httpclient/3.1/commons-httpclient-3.1.jar
2022-04-27 13:17:17,274 [AetherRepositoryConnector-repo.fusesource.com-3-3] INFO  o.e.m.c.i.e.AbstractTransferListenerAdapter - Downloaded https://repo.fusesource.com/nexus/content/groups/public/org/slf4j/slf4j-log4j12/1.7.5/slf4j-log4j12-1.7.5.jar
2022-04-27 13:17:17,285 [AetherRepositoryConnector-repo.fusesource.com-3-2] INFO  o.e.m.c.i.e.AbstractTransferListenerAdapter - Downloaded https://repo.fusesource.com/nexus/content/groups/public/org/springframework/spring-beans/3.2.8.RELEASE/spring-beans-3.2.8.RELEASE.jar
2022-04-27 13:17:17,333 [AetherRepositoryConnector-repo.fusesource.com-3-1] INFO  o.e.m.c.i.e.AbstractTransferListenerAdapter - Downloaded https://repo.fusesource.com/nexus/content/groups/public/org/apache/camel/camel-http/2.13.1/camel-http-2.13.1.jar
2022-04-27 13:17:17,523 [AetherRepositoryConnector-repo.fusesource.com-3-4] INFO  o.e.m.c.i.e.AbstractTransferListenerAdapter - Downloaded https://repo.fusesource.com/nexus/content/groups/public/log4j/log4j/1.2.17/log4j-1.2.17.jar
2022-04-27 13:17:18,064 [AetherRepositoryConnector-repo.fusesource.com-4-0] INFO  o.e.m.c.i.e.AbstractTransferListenerAdapter - Downloaded https://repo.fusesource.com/nexus/content/groups/ea/org/springframework/spring-web/3.2.8.RELEASE/spring-web-3.2.8.RELEASE.jar
2022-04-27 13:17:18,082 [AetherRepositoryConnector-repo.fusesource.com-4-4] INFO  o.e.m.c.i.e.AbstractTransferListenerAdapter - Downloaded https://repo.fusesource.com/nexus/content/groups/ea/org/springframework/spring-expression/3.2.8.RELEASE/spring-expression-3.2.8.RELEASE.jar
2022-04-27 13:17:18,083 [AetherRepositoryConnector-repo.fusesource.com-4-2] INFO  o.e.m.c.i.e.AbstractTransferListenerAdapter - Downloaded https://repo.fusesource.com/nexus/content/groups/ea/org/springframework/spring-beans/3.2.8.RELEASE/spring-beans-3.2.8.RELEASE.jar
2022-04-27 13:17:18,574 [AetherRepositoryConnector-repo.fusesource.com-4-3] INFO  o.e.m.c.i.e.AbstractTransferListenerAdapter - Downloaded https://repo.fusesource.com/nexus/content/groups/ea/org/springframework/spring-context/3.2.8.RELEASE/spring-context-3.2.8.RELEASE.jar
2022-04-27 13:17:18,575 [AetherRepositoryConnector-repo.fusesource.com-4-0] INFO  o.e.m.c.i.e.AbstractTransferListenerAdapter - Downloaded https://repo.fusesource.com/nexus/content/groups/ea/org/springframework/spring-core/3.2.8.RELEASE/spring-core-3.2.8.RELEASE.jar
2022-04-27 13:17:18,645 [AetherRepositoryConnector-repo.fusesource.com-4-2] INFO  o.e.m.c.i.e.AbstractTransferListenerAdapter - Downloaded https://repo.fusesource.com/nexus/content/groups/ea/org/apache/camel/camel-spring/2.13.1/camel-spring-2.13.1.jar
2022-04-27 13:17:18,869 [AetherRepositoryConnector-repo.fusesource.com-4-1] INFO  o.e.m.c.i.e.AbstractTransferListenerAdapter - Downloaded https://repo.fusesource.com/nexus/content/groups/ea/org/springframework/spring-aop/3.2.8.RELEASE/spring-aop-3.2.8.RELEASE.jar
2022-04-27 13:17:19,087 [AetherRepositoryConnector-repo.fusesource.com-4-0] INFO  o.e.m.c.i.e.AbstractTransferListenerAdapter - Downloaded https://repo.fusesource.com/nexus/content/groups/ea/com/sun/xml/bind/jaxb-impl/2.2.6/jaxb-impl-2.2.6.jar
2022-04-27 13:17:19,100 [AetherRepositoryConnector-repo.fusesource.com-4-3] INFO  o.e.m.c.i.e.AbstractTransferListenerAdapter - Downloaded https://repo.fusesource.com/nexus/content/groups/ea/org/apache/camel/camel-core/2.13.1/camel-core-2.13.1.jar
2022-04-27 13:17:19,146 [AetherRepositoryConnector-repo.fusesource.com-4-2] INFO  o.e.m.c.i.e.AbstractTransferListenerAdapter - Downloaded https://repo.fusesource.com/nexus/content/groups/ea/org/springframework/spring-tx/3.2.8.RELEASE/spring-tx-3.2.8.RELEASE.jar
2022-04-27 13:17:19,345 [AetherRepositoryConnector-repo.fusesource.com-4-4] INFO  o.e.m.c.i.e.AbstractTransferListenerAdapter - Downloaded https://repo.fusesource.com/nexus/content/groups/ea/commons-logging/commons-logging/1.1.3/commons-logging-1.1.3.jar
2022-04-27 13:17:19,396 [AetherRepositoryConnector-repo.fusesource.com-4-1] INFO  o.e.m.c.i.e.AbstractTransferListenerAdapter - Downloaded https://repo.fusesource.com/nexus/content/groups/ea/org/apache/camel/camel-servlet/2.13.1/camel-servlet-2.13.1.jar
2022-04-27 13:17:19,601 [AetherRepositoryConnector-repo.fusesource.com-4-3] INFO  o.e.m.c.i.e.AbstractTransferListenerAdapter - Downloaded https://repo.fusesource.com/nexus/content/groups/ea/commons-httpclient/commons-httpclient/3.1/commons-httpclient-3.1.jar
2022-04-27 13:17:19,615 [AetherRepositoryConnector-repo.fusesource.com-4-0] INFO  o.e.m.c.i.e.AbstractTransferListenerAdapter - Downloaded https://repo.fusesource.com/nexus/content/groups/ea/org/apache/camel/camel-http/2.13.1/camel-http-2.13.1.jar
2022-04-27 13:17:19,652 [AetherRepositoryConnector-repo.fusesource.com-4-2] INFO  o.e.m.c.i.e.AbstractTransferListenerAdapter - Downloaded https://repo.fusesource.com/nexus/content/groups/ea/org/slf4j/slf4j-log4j12/1.7.5/slf4j-log4j12-1.7.5.jar
2022-04-27 13:17:19,861 [AetherRepositoryConnector-repo.fusesource.com-4-4] INFO  o.e.m.c.i.e.AbstractTransferListenerAdapter - Downloaded https://repo.fusesource.com/nexus/content/groups/ea/log4j/log4j/1.2.17/log4j-1.2.17.jar
2022-04-27 13:17:20,074 [AetherRepositoryConnector-repo.maven.apache.org-5-1] INFO  o.e.m.c.i.e.AbstractTransferListenerAdapter - Downloading https://repo.maven.apache.org/maven2/org/springframework/spring-aop/3.2.8.RELEASE/spring-aop-3.2.8.RELEASE.jar
2022-04-27 13:17:20,074 [AetherRepositoryConnector-repo.maven.apache.org-5-4] INFO  o.e.m.c.i.e.AbstractTransferListenerAdapter - Downloading https://repo.maven.apache.org/maven2/org/springframework/spring-expression/3.2.8.RELEASE/spring-expression-3.2.8.RELEASE.jar
2022-04-27 13:17:20,503 [AetherRepositoryConnector-repo.maven.apache.org-5-0] INFO  o.e.m.c.i.e.AbstractTransferListenerAdapter - Downloading https://repo.maven.apache.org/maven2/org/springframework/spring-web/3.2.8.RELEASE/spring-web-3.2.8.RELEASE.jar
2022-04-27 13:17:20,512 [AetherRepositoryConnector-repo.maven.apache.org-5-3] INFO  o.e.m.c.i.e.AbstractTransferListenerAdapter - Downloading https://repo.maven.apache.org/maven2/org/springframework/spring-context/3.2.8.RELEASE/spring-context-3.2.8.RELEASE.jar
2022-04-27 13:17:20,512 [AetherRepositoryConnector-repo.maven.apache.org-5-2] INFO  o.e.m.c.i.e.AbstractTransferListenerAdapter - Downloading https://repo.maven.apache.org/maven2/org/springframework/spring-beans/3.2.8.RELEASE/spring-beans-3.2.8.RELEASE.jar
2022-04-27 13:17:20,882 [AetherRepositoryConnector-repo.maven.apache.org-5-4] INFO  o.e.m.c.i.e.AbstractTransferListenerAdapter - Downloaded https://repo.maven.apache.org/maven2/org/springframework/spring-expression/3.2.8.RELEASE/spring-expression-3.2.8.RELEASE.jar
2022-04-27 13:17:21,023 [AetherRepositoryConnector-repo.maven.apache.org-5-1] INFO  o.e.m.c.i.e.AbstractTransferListenerAdapter - Downloaded https://repo.maven.apache.org/maven2/org/springframework/spring-aop/3.2.8.RELEASE/spring-aop-3.2.8.RELEASE.jar
2022-04-27 13:17:21,075 [AetherRepositoryConnector-repo.maven.apache.org-5-4] INFO  o.e.m.c.i.e.AbstractTransferListenerAdapter - Downloading https://repo.maven.apache.org/maven2/org/springframework/spring-core/3.2.8.RELEASE/spring-core-3.2.8.RELEASE.jar
2022-04-27 13:17:21,199 [AetherRepositoryConnector-repo.maven.apache.org-5-2] INFO  o.e.m.c.i.e.AbstractTransferListenerAdapter - Downloaded https://repo.maven.apache.org/maven2/org/springframework/spring-beans/3.2.8.RELEASE/spring-beans-3.2.8.RELEASE.jar
2022-04-27 13:17:21,199 [AetherRepositoryConnector-repo.maven.apache.org-5-0] INFO  o.e.m.c.i.e.AbstractTransferListenerAdapter - Downloaded https://repo.maven.apache.org/maven2/org/springframework/spring-web/3.2.8.RELEASE/spring-web-3.2.8.RELEASE.jar
2022-04-27 13:17:21,257 [AetherRepositoryConnector-repo.maven.apache.org-5-1] INFO  o.e.m.c.i.e.AbstractTransferListenerAdapter - Downloading https://repo.maven.apache.org/maven2/commons-logging/commons-logging/1.1.3/commons-logging-1.1.3.jar
2022-04-27 13:17:21,266 [AetherRepositoryConnector-repo.maven.apache.org-5-3] INFO  o.e.m.c.i.e.AbstractTransferListenerAdapter - Downloaded https://repo.maven.apache.org/maven2/org/springframework/spring-context/3.2.8.RELEASE/spring-context-3.2.8.RELEASE.jar
2022-04-27 13:17:21,387 [AetherRepositoryConnector-repo.maven.apache.org-5-4] INFO  o.e.m.c.i.e.AbstractTransferListenerAdapter - Downloaded https://repo.maven.apache.org/maven2/org/springframework/spring-core/3.2.8.RELEASE/spring-core-3.2.8.RELEASE.jar
2022-04-27 13:17:21,509 [AetherRepositoryConnector-repo.maven.apache.org-5-2] INFO  o.e.m.c.i.e.AbstractTransferListenerAdapter - Downloading https://repo.maven.apache.org/maven2/org/apache/camel/camel-spring/2.13.1/camel-spring-2.13.1.jar
2022-04-27 13:17:21,537 [AetherRepositoryConnector-repo.maven.apache.org-5-0] INFO  o.e.m.c.i.e.AbstractTransferListenerAdapter - Downloading https://repo.maven.apache.org/maven2/org/apache/camel/camel-core/2.13.1/camel-core-2.13.1.jar
2022-04-27 13:17:21,760 [AetherRepositoryConnector-repo.maven.apache.org-5-3] INFO  o.e.m.c.i.e.AbstractTransferListenerAdapter - Downloading https://repo.maven.apache.org/maven2/com/sun/xml/bind/jaxb-impl/2.2.6/jaxb-impl-2.2.6.jar
2022-04-27 13:17:21,768 [AetherRepositoryConnector-repo.maven.apache.org-5-1] INFO  o.e.m.c.i.e.AbstractTransferListenerAdapter - Downloaded https://repo.maven.apache.org/maven2/commons-logging/commons-logging/1.1.3/commons-logging-1.1.3.jar
2022-04-27 13:17:21,854 [AetherRepositoryConnector-repo.maven.apache.org-5-4] INFO  o.e.m.c.i.e.AbstractTransferListenerAdapter - Downloading https://repo.maven.apache.org/maven2/org/springframework/spring-tx/3.2.8.RELEASE/spring-tx-3.2.8.RELEASE.jar
2022-04-27 13:17:21,880 [AetherRepositoryConnector-repo.maven.apache.org-5-2] INFO  o.e.m.c.i.e.AbstractTransferListenerAdapter - Downloaded https://repo.maven.apache.org/maven2/org/apache/camel/camel-spring/2.13.1/camel-spring-2.13.1.jar
2022-04-27 13:17:22,016 [AetherRepositoryConnector-repo.maven.apache.org-5-1] INFO  o.e.m.c.i.e.AbstractTransferListenerAdapter - Downloading https://repo.maven.apache.org/maven2/org/apache/camel/camel-servlet/2.13.1/camel-servlet-2.13.1.jar
2022-04-27 13:17:22,052 [AetherRepositoryConnector-repo.maven.apache.org-5-0] INFO  o.e.m.c.i.e.AbstractTransferListenerAdapter - Downloaded https://repo.maven.apache.org/maven2/org/apache/camel/camel-core/2.13.1/camel-core-2.13.1.jar
2022-04-27 13:17:22,057 [AetherRepositoryConnector-repo.maven.apache.org-5-3] INFO  o.e.m.c.i.e.AbstractTransferListenerAdapter - Downloaded https://repo.maven.apache.org/maven2/com/sun/xml/bind/jaxb-impl/2.2.6/jaxb-impl-2.2.6.jar
2022-04-27 13:17:22,153 [AetherRepositoryConnector-repo.maven.apache.org-5-4] INFO  o.e.m.c.i.e.AbstractTransferListenerAdapter - Downloaded https://repo.maven.apache.org/maven2/org/springframework/spring-tx/3.2.8.RELEASE/spring-tx-3.2.8.RELEASE.jar
2022-04-27 13:17:22,202 [AetherRepositoryConnector-repo.maven.apache.org-5-2] INFO  o.e.m.c.i.e.AbstractTransferListenerAdapter - Downloading https://repo.maven.apache.org/maven2/org/apache/camel/camel-http/2.13.1/camel-http-2.13.1.jar
2022-04-27 13:17:22,325 [AetherRepositoryConnector-repo.maven.apache.org-5-3] INFO  o.e.m.c.i.e.AbstractTransferListenerAdapter - Downloading https://repo.maven.apache.org/maven2/org/slf4j/slf4j-log4j12/1.7.5/slf4j-log4j12-1.7.5.jar
2022-04-27 13:17:22,328 [AetherRepositoryConnector-repo.maven.apache.org-5-0] INFO  o.e.m.c.i.e.AbstractTransferListenerAdapter - Downloading https://repo.maven.apache.org/maven2/commons-httpclient/commons-httpclient/3.1/commons-httpclient-3.1.jar
2022-04-27 13:17:22,332 [AetherRepositoryConnector-repo.maven.apache.org-5-1] INFO  o.e.m.c.i.e.AbstractTransferListenerAdapter - Downloaded https://repo.maven.apache.org/maven2/org/apache/camel/camel-servlet/2.13.1/camel-servlet-2.13.1.jar
2022-04-27 13:17:22,391 [AetherRepositoryConnector-repo.maven.apache.org-5-4] INFO  o.e.m.c.i.e.AbstractTransferListenerAdapter - Downloading https://repo.maven.apache.org/maven2/log4j/log4j/1.2.17/log4j-1.2.17.jar
2022-04-27 13:17:22,578 [AetherRepositoryConnector-repo.maven.apache.org-5-0] INFO  o.e.m.c.i.e.AbstractTransferListenerAdapter - Downloaded https://repo.maven.apache.org/maven2/commons-httpclient/commons-httpclient/3.1/commons-httpclient-3.1.jar
2022-04-27 13:17:22,578 [AetherRepositoryConnector-repo.maven.apache.org-5-2] INFO  o.e.m.c.i.e.AbstractTransferListenerAdapter - Downloaded https://repo.maven.apache.org/maven2/org/apache/camel/camel-http/2.13.1/camel-http-2.13.1.jar
2022-04-27 13:17:22,578 [AetherRepositoryConnector-repo.maven.apache.org-5-3] INFO  o.e.m.c.i.e.AbstractTransferListenerAdapter - Downloaded https://repo.maven.apache.org/maven2/org/slf4j/slf4j-log4j12/1.7.5/slf4j-log4j12-1.7.5.jar
2022-04-27 13:17:22,708 [AetherRepositoryConnector-repo.maven.apache.org-5-4] INFO  o.e.m.c.i.e.AbstractTransferListenerAdapter - Downloaded https://repo.maven.apache.org/maven2/log4j/log4j/1.2.17/log4j-1.2.17.jar
2022-04-27 13:17:23,258 [Worker-3: Creating camel-servlet-war-archetype] INFO  o.e.m.c.i.e.AbstractTransferListenerAdapter - Downloaded https://repo.fusesource.com/nexus/content/groups/public/org/apache/maven/plugins/maven-surefire-plugin/2.12.4/maven-surefire-plugin-2.12.4.pom
2022-04-27 13:17:24,511 [Worker-3: Creating camel-servlet-war-archetype] INFO  o.e.m.c.i.e.AbstractTransferListenerAdapter - Downloaded https://repo.fusesource.com/nexus/content/groups/ea/org/apache/maven/plugins/maven-surefire-plugin/2.12.4/maven-surefire-plugin-2.12.4.pom
2022-04-27 13:17:25,318 [Worker-3: Creating camel-servlet-war-archetype] INFO  o.e.m.c.i.e.AbstractTransferListenerAdapter - Downloading https://repo.maven.apache.org/maven2/org/apache/maven/plugins/maven-surefire-plugin/2.12.4/maven-surefire-plugin-2.12.4.pom
2022-04-27 13:17:25,680 [Worker-3: Creating camel-servlet-war-archetype] INFO  o.e.m.c.i.e.AbstractTransferListenerAdapter - Downloaded https://repo.maven.apache.org/maven2/org/apache/maven/plugins/maven-surefire-plugin/2.12.4/maven-surefire-plugin-2.12.4.pom
2022-04-27 13:17:25,951 [Worker-3: Creating camel-servlet-war-archetype] INFO  o.e.m.c.i.e.AbstractTransferListenerAdapter - Downloaded https://repo.fusesource.com/nexus/content/groups/public/org/apache/maven/surefire/surefire/2.12.4/surefire-2.12.4.pom
2022-04-27 13:17:26,458 [Worker-3: Creating camel-servlet-war-archetype] INFO  o.e.m.c.i.e.AbstractTransferListenerAdapter - Downloaded https://repo.fusesource.com/nexus/content/groups/ea/org/apache/maven/surefire/surefire/2.12.4/surefire-2.12.4.pom
2022-04-27 13:17:26,642 [Worker-3: Creating camel-servlet-war-archetype] INFO  o.e.m.c.i.e.AbstractTransferListenerAdapter - Downloading https://repo.maven.apache.org/maven2/org/apache/maven/surefire/surefire/2.12.4/surefire-2.12.4.pom
2022-04-27 13:17:26,859 [Worker-3: Creating camel-servlet-war-archetype] INFO  o.e.m.c.i.e.AbstractTransferListenerAdapter - Downloaded https://repo.maven.apache.org/maven2/org/apache/maven/surefire/surefire/2.12.4/surefire-2.12.4.pom
2022-04-27 13:17:27,191 [Worker-3: Creating camel-servlet-war-archetype] INFO  o.e.m.c.i.e.AbstractTransferListenerAdapter - Downloaded https://repo.fusesource.com/nexus/content/groups/public/org/apache/maven/plugins/maven-war-plugin/2.2/maven-war-plugin-2.2.pom
2022-04-27 13:17:27,694 [Worker-3: Creating camel-servlet-war-archetype] INFO  o.e.m.c.i.e.AbstractTransferListenerAdapter - Downloaded https://repo.fusesource.com/nexus/content/groups/ea/org/apache/maven/plugins/maven-war-plugin/2.2/maven-war-plugin-2.2.pom
2022-04-27 13:17:27,879 [Worker-3: Creating camel-servlet-war-archetype] INFO  o.e.m.c.i.e.AbstractTransferListenerAdapter - Downloading https://repo.maven.apache.org/maven2/org/apache/maven/plugins/maven-war-plugin/2.2/maven-war-plugin-2.2.pom
2022-04-27 13:17:28,085 [Worker-3: Creating camel-servlet-war-archetype] INFO  o.e.m.c.i.e.AbstractTransferListenerAdapter - Downloaded https://repo.maven.apache.org/maven2/org/apache/maven/plugins/maven-war-plugin/2.2/maven-war-plugin-2.2.pom
2022-04-27 13:17:28,351 [Worker-3: Creating camel-servlet-war-archetype] INFO  o.e.m.c.i.e.AbstractTransferListenerAdapter - Downloaded https://repo.fusesource.com/nexus/content/groups/public/org/apache/maven/plugins/maven-plugins/22/maven-plugins-22.pom
2022-04-27 13:17:28,854 [Worker-3: Creating camel-servlet-war-archetype] INFO  o.e.m.c.i.e.AbstractTransferListenerAdapter - Downloaded https://repo.fusesource.com/nexus/content/groups/ea/org/apache/maven/plugins/maven-plugins/22/maven-plugins-22.pom
2022-04-27 13:17:29,039 [Worker-3: Creating camel-servlet-war-archetype] INFO  o.e.m.c.i.e.AbstractTransferListenerAdapter - Downloading https://repo.maven.apache.org/maven2/org/apache/maven/plugins/maven-plugins/22/maven-plugins-22.pom
2022-04-27 13:17:29,255 [Worker-3: Creating camel-servlet-war-archetype] INFO  o.e.m.c.i.e.AbstractTransferListenerAdapter - Downloaded https://repo.maven.apache.org/maven2/org/apache/maven/plugins/maven-plugins/22/maven-plugins-22.pom
2022-04-27 13:17:29,605 [Worker-3: Creating camel-servlet-war-archetype] INFO  o.e.m.c.i.e.AbstractTransferListenerAdapter - Downloaded https://repo.fusesource.com/nexus/content/groups/public/org/apache/maven/maven-archiver/2.5/maven-archiver-2.5.pom
2022-04-27 13:17:30,118 [Worker-3: Creating camel-servlet-war-archetype] INFO  o.e.m.c.i.e.AbstractTransferListenerAdapter - Downloaded https://repo.fusesource.com/nexus/content/groups/ea/org/apache/maven/maven-archiver/2.5/maven-archiver-2.5.pom
2022-04-27 13:17:30,303 [Worker-3: Creating camel-servlet-war-archetype] INFO  o.e.m.c.i.e.AbstractTransferListenerAdapter - Downloading https://repo.maven.apache.org/maven2/org/apache/maven/maven-archiver/2.5/maven-archiver-2.5.pom
2022-04-27 13:17:30,523 [Worker-3: Creating camel-servlet-war-archetype] INFO  o.e.m.c.i.e.AbstractTransferListenerAdapter - Downloaded https://repo.maven.apache.org/maven2/org/apache/maven/maven-archiver/2.5/maven-archiver-2.5.pom
2022-04-27 13:17:30,802 [Worker-3: Creating camel-servlet-war-archetype] INFO  o.e.m.c.i.e.AbstractTransferListenerAdapter - Downloaded https://repo.fusesource.com/nexus/content/groups/public/org/codehaus/plexus/plexus-archiver/2.1/plexus-archiver-2.1.pom
2022-04-27 13:17:31,320 [Worker-3: Creating camel-servlet-war-archetype] INFO  o.e.m.c.i.e.AbstractTransferListenerAdapter - Downloaded https://repo.fusesource.com/nexus/content/groups/ea/org/codehaus/plexus/plexus-archiver/2.1/plexus-archiver-2.1.pom
2022-04-27 13:17:31,505 [Worker-3: Creating camel-servlet-war-archetype] INFO  o.e.m.c.i.e.AbstractTransferListenerAdapter - Downloading https://repo.maven.apache.org/maven2/org/codehaus/plexus/plexus-archiver/2.1/plexus-archiver-2.1.pom
2022-04-27 13:17:31,702 [Worker-3: Creating camel-servlet-war-archetype] INFO  o.e.m.c.i.e.AbstractTransferListenerAdapter - Downloaded https://repo.maven.apache.org/maven2/org/codehaus/plexus/plexus-archiver/2.1/plexus-archiver-2.1.pom
2022-04-27 13:17:31,995 [Worker-3: Creating camel-servlet-war-archetype] INFO  o.e.m.c.i.e.AbstractTransferListenerAdapter - Downloaded https://repo.fusesource.com/nexus/content/groups/public/org/codehaus/plexus/plexus-io/2.0.2/plexus-io-2.0.2.pom
2022-04-27 13:17:32,511 [Worker-3: Creating camel-servlet-war-archetype] INFO  o.e.m.c.i.e.AbstractTransferListenerAdapter - Downloaded https://repo.fusesource.com/nexus/content/groups/ea/org/codehaus/plexus/plexus-io/2.0.2/plexus-io-2.0.2.pom
2022-04-27 13:17:32,696 [Worker-3: Creating camel-servlet-war-archetype] INFO  o.e.m.c.i.e.AbstractTransferListenerAdapter - Downloading https://repo.maven.apache.org/maven2/org/codehaus/plexus/plexus-io/2.0.2/plexus-io-2.0.2.pom
2022-04-27 13:17:32,892 [Worker-3: Creating camel-servlet-war-archetype] INFO  o.e.m.c.i.e.AbstractTransferListenerAdapter - Downloaded https://repo.maven.apache.org/maven2/org/codehaus/plexus/plexus-io/2.0.2/plexus-io-2.0.2.pom
2022-04-27 13:17:33,238 [Worker-3: Creating camel-servlet-war-archetype] INFO  o.e.m.c.i.e.AbstractTransferListenerAdapter - Downloaded https://repo.fusesource.com/nexus/content/groups/public/org/codehaus/plexus/plexus-interpolation/1.15/plexus-interpolation-1.15.pom
2022-04-27 13:17:33,754 [Worker-3: Creating camel-servlet-war-archetype] INFO  o.e.m.c.i.e.AbstractTransferListenerAdapter - Downloaded https://repo.fusesource.com/nexus/content/groups/ea/org/codehaus/plexus/plexus-interpolation/1.15/plexus-interpolation-1.15.pom
2022-04-27 13:17:33,938 [Worker-3: Creating camel-servlet-war-archetype] INFO  o.e.m.c.i.e.AbstractTransferListenerAdapter - Downloading https://repo.maven.apache.org/maven2/org/codehaus/plexus/plexus-interpolation/1.15/plexus-interpolation-1.15.pom
2022-04-27 13:17:34,130 [Worker-3: Creating camel-servlet-war-archetype] INFO  o.e.m.c.i.e.AbstractTransferListenerAdapter - Downloaded https://repo.maven.apache.org/maven2/org/codehaus/plexus/plexus-interpolation/1.15/plexus-interpolation-1.15.pom
2022-04-27 13:17:34,458 [Worker-3: Creating camel-servlet-war-archetype] INFO  o.e.m.c.i.e.AbstractTransferListenerAdapter - Downloaded https://repo.fusesource.com/nexus/content/groups/public/com/thoughtworks/xstream/xstream/1.3.1/xstream-1.3.1.pom
2022-04-27 13:17:34,962 [Worker-3: Creating camel-servlet-war-archetype] INFO  o.e.m.c.i.e.AbstractTransferListenerAdapter - Downloaded https://repo.fusesource.com/nexus/content/groups/ea/com/thoughtworks/xstream/xstream/1.3.1/xstream-1.3.1.pom
2022-04-27 13:17:35,147 [Worker-3: Creating camel-servlet-war-archetype] INFO  o.e.m.c.i.e.AbstractTransferListenerAdapter - Downloading https://repo.maven.apache.org/maven2/com/thoughtworks/xstream/xstream/1.3.1/xstream-1.3.1.pom
2022-04-27 13:17:35,367 [Worker-3: Creating camel-servlet-war-archetype] INFO  o.e.m.c.i.e.AbstractTransferListenerAdapter - Downloaded https://repo.maven.apache.org/maven2/com/thoughtworks/xstream/xstream/1.3.1/xstream-1.3.1.pom
2022-04-27 13:17:35,691 [Worker-3: Creating camel-servlet-war-archetype] INFO  o.e.m.c.i.e.AbstractTransferListenerAdapter - Downloaded https://repo.fusesource.com/nexus/content/groups/public/com/thoughtworks/xstream/xstream-parent/1.3.1/xstream-parent-1.3.1.pom
2022-04-27 13:17:36,196 [Worker-3: Creating camel-servlet-war-archetype] INFO  o.e.m.c.i.e.AbstractTransferListenerAdapter - Downloaded https://repo.fusesource.com/nexus/content/groups/ea/com/thoughtworks/xstream/xstream-parent/1.3.1/xstream-parent-1.3.1.pom
2022-04-27 13:17:36,382 [Worker-3: Creating camel-servlet-war-archetype] INFO  o.e.m.c.i.e.AbstractTransferListenerAdapter - Downloading https://repo.maven.apache.org/maven2/com/thoughtworks/xstream/xstream-parent/1.3.1/xstream-parent-1.3.1.pom
2022-04-27 13:17:36,605 [Worker-3: Creating camel-servlet-war-archetype] INFO  o.e.m.c.i.e.AbstractTransferListenerAdapter - Downloaded https://repo.maven.apache.org/maven2/com/thoughtworks/xstream/xstream-parent/1.3.1/xstream-parent-1.3.1.pom
2022-04-27 13:17:36,940 [Worker-3: Creating camel-servlet-war-archetype] INFO  o.e.m.c.i.e.AbstractTransferListenerAdapter - Downloaded https://repo.fusesource.com/nexus/content/groups/public/org/apache/maven/shared/maven-filtering/1.0-beta-2/maven-filtering-1.0-beta-2.pom
2022-04-27 13:17:37,469 [Worker-3: Creating camel-servlet-war-archetype] INFO  o.e.m.c.i.e.AbstractTransferListenerAdapter - Downloaded https://repo.fusesource.com/nexus/content/groups/ea/org/apache/maven/shared/maven-filtering/1.0-beta-2/maven-filtering-1.0-beta-2.pom
2022-04-27 13:17:37,653 [Worker-3: Creating camel-servlet-war-archetype] INFO  o.e.m.c.i.e.AbstractTransferListenerAdapter - Downloading https://repo.maven.apache.org/maven2/org/apache/maven/shared/maven-filtering/1.0-beta-2/maven-filtering-1.0-beta-2.pom
2022-04-27 13:17:37,853 [Worker-3: Creating camel-servlet-war-archetype] INFO  o.e.m.c.i.e.AbstractTransferListenerAdapter - Downloaded https://repo.maven.apache.org/maven2/org/apache/maven/shared/maven-filtering/1.0-beta-2/maven-filtering-1.0-beta-2.pom
2022-04-27 13:17:38,117 [Worker-3: Creating camel-servlet-war-archetype] INFO  o.e.m.c.i.e.AbstractTransferListenerAdapter - Downloaded https://repo.fusesource.com/nexus/content/groups/public/org/apache/maven/shared/maven-shared-components/10/maven-shared-components-10.pom
2022-04-27 13:17:38,627 [Worker-3: Creating camel-servlet-war-archetype] INFO  o.e.m.c.i.e.AbstractTransferListenerAdapter - Downloaded https://repo.fusesource.com/nexus/content/groups/ea/org/apache/maven/shared/maven-shared-components/10/maven-shared-components-10.pom
2022-04-27 13:17:38,811 [Worker-3: Creating camel-servlet-war-archetype] INFO  o.e.m.c.i.e.AbstractTransferListenerAdapter - Downloading https://repo.maven.apache.org/maven2/org/apache/maven/shared/maven-shared-components/10/maven-shared-components-10.pom
2022-04-27 13:17:39,023 [Worker-3: Creating camel-servlet-war-archetype] INFO  o.e.m.c.i.e.AbstractTransferListenerAdapter - Downloaded https://repo.maven.apache.org/maven2/org/apache/maven/shared/maven-shared-components/10/maven-shared-components-10.pom
2022-04-27 13:17:39,322 [Worker-3: Creating camel-servlet-war-archetype] INFO  o.e.m.c.i.e.AbstractTransferListenerAdapter - Downloaded https://repo.fusesource.com/nexus/content/groups/public/org/codehaus/plexus/plexus-utils/1.5.6/plexus-utils-1.5.6.pom
2022-04-27 13:17:39,836 [Worker-3: Creating camel-servlet-war-archetype] INFO  o.e.m.c.i.e.AbstractTransferListenerAdapter - Downloaded https://repo.fusesource.com/nexus/content/groups/ea/org/codehaus/plexus/plexus-utils/1.5.6/plexus-utils-1.5.6.pom
2022-04-27 13:17:40,021 [Worker-3: Creating camel-servlet-war-archetype] INFO  o.e.m.c.i.e.AbstractTransferListenerAdapter - Downloading https://repo.maven.apache.org/maven2/org/codehaus/plexus/plexus-utils/1.5.6/plexus-utils-1.5.6.pom
2022-04-27 13:17:40,217 [Worker-3: Creating camel-servlet-war-archetype] INFO  o.e.m.c.i.e.AbstractTransferListenerAdapter - Downloaded https://repo.maven.apache.org/maven2/org/codehaus/plexus/plexus-utils/1.5.6/plexus-utils-1.5.6.pom
2022-04-27 13:17:40,481 [Worker-3: Creating camel-servlet-war-archetype] INFO  o.e.m.c.i.e.AbstractTransferListenerAdapter - Downloaded https://repo.fusesource.com/nexus/content/groups/public/org/codehaus/plexus/plexus/1.0.12/plexus-1.0.12.pom
2022-04-27 13:17:40,995 [Worker-3: Creating camel-servlet-war-archetype] INFO  o.e.m.c.i.e.AbstractTransferListenerAdapter - Downloaded https://repo.fusesource.com/nexus/content/groups/ea/org/codehaus/plexus/plexus/1.0.12/plexus-1.0.12.pom
2022-04-27 13:17:41,180 [Worker-3: Creating camel-servlet-war-archetype] INFO  o.e.m.c.i.e.AbstractTransferListenerAdapter - Downloading https://repo.maven.apache.org/maven2/org/codehaus/plexus/plexus/1.0.12/plexus-1.0.12.pom
2022-04-27 13:17:41,393 [Worker-3: Creating camel-servlet-war-archetype] INFO  o.e.m.c.i.e.AbstractTransferListenerAdapter - Downloaded https://repo.maven.apache.org/maven2/org/codehaus/plexus/plexus/1.0.12/plexus-1.0.12.pom
2022-04-27 13:17:41,658 [Worker-3: Creating camel-servlet-war-archetype] INFO  o.e.m.c.i.e.AbstractTransferListenerAdapter - Downloaded https://repo.fusesource.com/nexus/content/groups/public/org/codehaus/plexus/plexus-interpolation/1.6/plexus-interpolation-1.6.pom
2022-04-27 13:17:42,172 [Worker-3: Creating camel-servlet-war-archetype] INFO  o.e.m.c.i.e.AbstractTransferListenerAdapter - Downloaded https://repo.fusesource.com/nexus/content/groups/ea/org/codehaus/plexus/plexus-interpolation/1.6/plexus-interpolation-1.6.pom
2022-04-27 13:17:42,356 [Worker-3: Creating camel-servlet-war-archetype] INFO  o.e.m.c.i.e.AbstractTransferListenerAdapter - Downloading https://repo.maven.apache.org/maven2/org/codehaus/plexus/plexus-interpolation/1.6/plexus-interpolation-1.6.pom
2022-04-27 13:17:42,553 [Worker-3: Creating camel-servlet-war-archetype] INFO  o.e.m.c.i.e.AbstractTransferListenerAdapter - Downloaded https://repo.maven.apache.org/maven2/org/codehaus/plexus/plexus-interpolation/1.6/plexus-interpolation-1.6.pom
2022-04-27 13:17:42,825 [AetherRepositoryConnector-repo.fusesource.com-6-0] INFO  o.e.m.c.i.e.AbstractTransferListenerAdapter - Downloaded https://repo.fusesource.com/nexus/content/groups/public/org/apache/maven/maven-archiver/2.5/maven-archiver-2.5.jar
2022-04-27 13:17:42,849 [AetherRepositoryConnector-repo.fusesource.com-6-2] INFO  o.e.m.c.i.e.AbstractTransferListenerAdapter - Downloaded https://repo.fusesource.com/nexus/content/groups/public/org/codehaus/plexus/plexus-archiver/2.1/plexus-archiver-2.1.jar
2022-04-27 13:17:42,863 [AetherRepositoryConnector-repo.fusesource.com-6-1] INFO  o.e.m.c.i.e.AbstractTransferListenerAdapter - Downloaded https://repo.fusesource.com/nexus/content/groups/public/org/codehaus/plexus/plexus-io/2.0.2/plexus-io-2.0.2.jar
2022-04-27 13:17:42,876 [AetherRepositoryConnector-repo.fusesource.com-6-3] INFO  o.e.m.c.i.e.AbstractTransferListenerAdapter - Downloaded https://repo.fusesource.com/nexus/content/groups/public/org/codehaus/plexus/plexus-interpolation/1.15/plexus-interpolation-1.15.jar
2022-04-27 13:17:42,908 [AetherRepositoryConnector-repo.fusesource.com-6-4] INFO  o.e.m.c.i.e.AbstractTransferListenerAdapter - Downloaded https://repo.fusesource.com/nexus/content/groups/public/com/thoughtworks/xstream/xstream/1.3.1/xstream-1.3.1.jar
2022-04-27 13:17:43,087 [AetherRepositoryConnector-repo.fusesource.com-6-0] INFO  o.e.m.c.i.e.AbstractTransferListenerAdapter - Downloaded https://repo.fusesource.com/nexus/content/groups/public/org/codehaus/plexus/plexus-utils/3.0/plexus-utils-3.0.jar
2022-04-27 13:17:43,173 [AetherRepositoryConnector-repo.fusesource.com-6-2] INFO  o.e.m.c.i.e.AbstractTransferListenerAdapter - Downloaded https://repo.fusesource.com/nexus/content/groups/public/org/apache/maven/shared/maven-filtering/1.0-beta-2/maven-filtering-1.0-beta-2.jar
2022-04-27 13:17:43,692 [AetherRepositoryConnector-repo.fusesource.com-7-2] INFO  o.e.m.c.i.e.AbstractTransferListenerAdapter - Downloaded https://repo.fusesource.com/nexus/content/groups/ea/org/codehaus/plexus/plexus-archiver/2.1/plexus-archiver-2.1.jar
2022-04-27 13:17:44,246 [AetherRepositoryConnector-repo.fusesource.com-7-2] INFO  o.e.m.c.i.e.AbstractTransferListenerAdapter - Downloaded https://repo.fusesource.com/nexus/content/groups/ea/org/codehaus/plexus/plexus-utils/3.0/plexus-utils-3.0.jar
2022-04-27 13:17:44,428 [AetherRepositoryConnector-repo.fusesource.com-7-0] INFO  o.e.m.c.i.e.AbstractTransferListenerAdapter - Downloaded https://repo.fusesource.com/nexus/content/groups/ea/org/apache/maven/maven-archiver/2.5/maven-archiver-2.5.jar
2022-04-27 13:17:44,452 [AetherRepositoryConnector-repo.fusesource.com-7-3] INFO  o.e.m.c.i.e.AbstractTransferListenerAdapter - Downloaded https://repo.fusesource.com/nexus/content/groups/ea/org/codehaus/plexus/plexus-interpolation/1.15/plexus-interpolation-1.15.jar
2022-04-27 13:17:44,487 [AetherRepositoryConnector-repo.fusesource.com-7-1] INFO  o.e.m.c.i.e.AbstractTransferListenerAdapter - Downloaded https://repo.fusesource.com/nexus/content/groups/ea/org/codehaus/plexus/plexus-io/2.0.2/plexus-io-2.0.2.jar
2022-04-27 13:17:44,502 [AetherRepositoryConnector-repo.fusesource.com-7-4] INFO  o.e.m.c.i.e.AbstractTransferListenerAdapter - Downloaded https://repo.fusesource.com/nexus/content/groups/ea/com/thoughtworks/xstream/xstream/1.3.1/xstream-1.3.1.jar
2022-04-27 13:17:44,755 [AetherRepositoryConnector-repo.fusesource.com-7-2] INFO  o.e.m.c.i.e.AbstractTransferListenerAdapter - Downloaded https://repo.fusesource.com/nexus/content/groups/ea/org/apache/maven/shared/maven-filtering/1.0-beta-2/maven-filtering-1.0-beta-2.jar
2022-04-27 13:17:44,944 [AetherRepositoryConnector-repo.maven.apache.org-8-0] INFO  o.e.m.c.i.e.AbstractTransferListenerAdapter - Downloading https://repo.maven.apache.org/maven2/org/apache/maven/maven-archiver/2.5/maven-archiver-2.5.jar
2022-04-27 13:17:44,995 [AetherRepositoryConnector-repo.maven.apache.org-8-4] INFO  o.e.m.c.i.e.AbstractTransferListenerAdapter - Downloading https://repo.maven.apache.org/maven2/com/thoughtworks/xstream/xstream/1.3.1/xstream-1.3.1.jar
2022-04-27 13:17:45,212 [AetherRepositoryConnector-repo.maven.apache.org-8-1] INFO  o.e.m.c.i.e.AbstractTransferListenerAdapter - Downloading https://repo.maven.apache.org/maven2/org/codehaus/plexus/plexus-io/2.0.2/plexus-io-2.0.2.jar
2022-04-27 13:17:45,212 [AetherRepositoryConnector-repo.maven.apache.org-8-2] INFO  o.e.m.c.i.e.AbstractTransferListenerAdapter - Downloading https://repo.maven.apache.org/maven2/org/codehaus/plexus/plexus-archiver/2.1/plexus-archiver-2.1.jar
2022-04-27 13:17:45,212 [AetherRepositoryConnector-repo.maven.apache.org-8-3] INFO  o.e.m.c.i.e.AbstractTransferListenerAdapter - Downloading https://repo.maven.apache.org/maven2/org/codehaus/plexus/plexus-interpolation/1.15/plexus-interpolation-1.15.jar
2022-04-27 13:17:45,400 [AetherRepositoryConnector-repo.maven.apache.org-8-0] INFO  o.e.m.c.i.e.AbstractTransferListenerAdapter - Downloaded https://repo.maven.apache.org/maven2/org/apache/maven/maven-archiver/2.5/maven-archiver-2.5.jar
2022-04-27 13:17:45,865 [AetherRepositoryConnector-repo.maven.apache.org-8-0] INFO  o.e.m.c.i.e.AbstractTransferListenerAdapter - Downloading https://repo.maven.apache.org/maven2/org/codehaus/plexus/plexus-utils/3.0/plexus-utils-3.0.jar
2022-04-27 13:17:45,925 [AetherRepositoryConnector-repo.maven.apache.org-8-3] INFO  o.e.m.c.i.e.AbstractTransferListenerAdapter - Downloaded https://repo.maven.apache.org/maven2/org/codehaus/plexus/plexus-interpolation/1.15/plexus-interpolation-1.15.jar
2022-04-27 13:17:45,925 [AetherRepositoryConnector-repo.maven.apache.org-8-1] INFO  o.e.m.c.i.e.AbstractTransferListenerAdapter - Downloaded https://repo.maven.apache.org/maven2/org/codehaus/plexus/plexus-io/2.0.2/plexus-io-2.0.2.jar
2022-04-27 13:17:46,034 [AetherRepositoryConnector-repo.maven.apache.org-8-2] INFO  o.e.m.c.i.e.AbstractTransferListenerAdapter - Downloaded https://repo.maven.apache.org/maven2/org/codehaus/plexus/plexus-archiver/2.1/plexus-archiver-2.1.jar
2022-04-27 13:17:46,057 [AetherRepositoryConnector-repo.maven.apache.org-8-4] INFO  o.e.m.c.i.e.AbstractTransferListenerAdapter - Downloaded https://repo.maven.apache.org/maven2/com/thoughtworks/xstream/xstream/1.3.1/xstream-1.3.1.jar
2022-04-27 13:17:46,207 [AetherRepositoryConnector-repo.maven.apache.org-8-1] INFO  o.e.m.c.i.e.AbstractTransferListenerAdapter - Downloading https://repo.maven.apache.org/maven2/org/apache/maven/shared/maven-filtering/1.0-beta-2/maven-filtering-1.0-beta-2.jar
2022-04-27 13:17:46,215 [AetherRepositoryConnector-repo.maven.apache.org-8-0] INFO  o.e.m.c.i.e.AbstractTransferListenerAdapter - Downloaded https://repo.maven.apache.org/maven2/org/codehaus/plexus/plexus-utils/3.0/plexus-utils-3.0.jar
2022-04-27 13:17:46,488 [AetherRepositoryConnector-repo.maven.apache.org-8-1] INFO  o.e.m.c.i.e.AbstractTransferListenerAdapter - Downloaded https://repo.maven.apache.org/maven2/org/apache/maven/shared/maven-filtering/1.0-beta-2/maven-filtering-1.0-beta-2.jar
2022-04-27 13:17:46,793 [Worker-3: Creating camel-servlet-war-archetype] WARN  Sisu - Error injecting: org.apache.maven.plugin.war.WarMojo
com.google.inject.ProvisionException: Unable to provision, see the following errors:

1) Error injecting constructor, java.lang.ExceptionInInitializerError: Cannot access defaults field of Properties
  at org.apache.maven.plugin.war.WarMojo.<init>(Unknown Source)
  while locating org.apache.maven.plugin.war.WarMojo

1 error
	at com.google.inject.internal.InternalProvisionException.toProvisionException(InternalProvisionException.java:226)
	at com.google.inject.internal.InjectorImpl$1.get(InjectorImpl.java:1053)
	at com.google.inject.internal.InjectorImpl.getInstance(InjectorImpl.java:1086)
	at org.eclipse.sisu.space.AbstractDeferredClass.get(AbstractDeferredClass.java:48)
	at com.google.inject.internal.ProviderInternalFactory.provision(ProviderInternalFactory.java:85)
	at com.google.inject.internal.InternalFactoryToInitializableAdapter.provision(InternalFactoryToInitializableAdapter.java:57)
	at com.google.inject.internal.ProviderInternalFactory$1.call(ProviderInternalFactory.java:66)
	at com.google.inject.internal.ProvisionListenerStackCallback$Provision.provision(ProvisionListenerStackCallback.java:112)
	at com.google.inject.internal.ProvisionListenerStackCallback$Provision.provision(ProvisionListenerStackCallback.java:127)
	at com.google.inject.internal.ProvisionListenerStackCallback.provision(ProvisionListenerStackCallback.java:66)
	at com.google.inject.internal.ProviderInternalFactory.circularGet(ProviderInternalFactory.java:61)
	at com.google.inject.internal.InternalFactoryToInitializableAdapter.get(InternalFactoryToInitializableAdapter.java:47)
	at com.google.inject.internal.InjectorImpl$1.get(InjectorImpl.java:1050)
	at org.eclipse.sisu.inject.Guice4$1.get(Guice4.java:162)
	at org.eclipse.sisu.inject.LazyBeanEntry.getValue(LazyBeanEntry.java:81)
	at org.eclipse.sisu.plexus.LazyPlexusBean.getValue(LazyPlexusBean.java:51)
	at org.codehaus.plexus.DefaultPlexusContainer.lookup(DefaultPlexusContainer.java:263)
	at org.codehaus.plexus.DefaultPlexusContainer.lookup(DefaultPlexusContainer.java:255)
	at org.apache.maven.plugin.internal.DefaultMavenPluginManager.getConfiguredMojo(DefaultMavenPluginManager.java:520)
	at org.eclipse.m2e.core.internal.embedder.MavenImpl.getConfiguredMojo(MavenImpl.java:359)
	at org.sonatype.m2e.mavenarchiver.internal.AbstractMavenArchiverConfigurator.reflectManifestGeneration(AbstractMavenArchiverConfigurator.java:469)
	at org.sonatype.m2e.mavenarchiver.internal.AbstractMavenArchiverConfigurator.generateManifest(AbstractMavenArchiverConfigurator.java:422)
	at org.sonatype.m2e.mavenarchiver.internal.AbstractMavenArchiverConfigurator.mavenProjectChanged(AbstractMavenArchiverConfigurator.java:227)
	at org.eclipse.m2e.wtp.mavenarchiver.AbstractWTPArchiverConfigurator.mavenProjectChanged(AbstractWTPArchiverConfigurator.java:56)
	at org.eclipse.m2e.core.internal.project.ProjectConfigurationManager.mavenProjectChanged(ProjectConfigurationManager.java:1056)
	at org.eclipse.m2e.core.internal.project.registry.ProjectRegistryManager.notifyProjectChangeListeners(ProjectRegistryManager.java:806)
	at org.eclipse.m2e.core.internal.project.registry.ProjectRegistryManager.applyMutableProjectRegistry(ProjectRegistryManager.java:972)
	at org.eclipse.m2e.core.internal.project.registry.ProjectRegistryManager.refresh(ProjectRegistryManager.java:305)
	at org.eclipse.m2e.core.internal.project.ProjectConfigurationManager.configureNewMavenProjects(ProjectConfigurationManager.java:269)
	at org.eclipse.m2e.core.internal.project.ProjectConfigurationManager.lambda$0(ProjectConfigurationManager.java:178)
	at org.eclipse.m2e.core.internal.embedder.MavenExecutionContext.executeBare(MavenExecutionContext.java:182)
	at org.eclipse.m2e.core.internal.embedder.MavenExecutionContext.execute(MavenExecutionContext.java:117)
	at org.eclipse.m2e.core.internal.embedder.MavenExecutionContext.execute(MavenExecutionContext.java:103)
	at org.eclipse.m2e.core.internal.embedder.MavenImpl.execute(MavenImpl.java:1416)
	at org.eclipse.m2e.core.internal.project.ProjectConfigurationManager.importProjects(ProjectConfigurationManager.java:148)
	at org.eclipse.m2e.core.internal.project.ProjectConfigurationManager.createArchetypeProjects0(ProjectConfigurationManager.java:875)
	at org.eclipse.m2e.core.internal.project.ProjectConfigurationManager.lambda$3(ProjectConfigurationManager.java:806)
	at org.eclipse.m2e.core.internal.embedder.MavenExecutionContext.executeBare(MavenExecutionContext.java:182)
	at org.eclipse.m2e.core.internal.embedder.MavenExecutionContext.execute(MavenExecutionContext.java:156)
	at org.eclipse.m2e.core.internal.embedder.MavenExecutionContext.execute(MavenExecutionContext.java:103)
	at org.eclipse.m2e.core.internal.embedder.MavenImpl.execute(MavenImpl.java:1416)
	at org.eclipse.m2e.core.internal.project.ProjectConfigurationManager.createArchetypeProjects(ProjectConfigurationManager.java:806)
	at org.eclipse.m2e.core.ui.internal.wizards.MavenProjectWizard$3.doCreateMavenProjects(MavenProjectWizard.java:236)
	at org.eclipse.m2e.core.ui.internal.wizards.AbstractCreateMavenProjectJob$1.doCreateMavenProjects(AbstractCreateMavenProjectJob.java:65)
	at org.eclipse.m2e.core.ui.internal.wizards.AbstractCreateMavenProjectsOperation.run(AbstractCreateMavenProjectsOperation.java:76)
	at org.eclipse.m2e.core.ui.internal.wizards.AbstractCreateMavenProjectJob.runInWorkspace(AbstractCreateMavenProjectJob.java:69)
	at org.eclipse.core.internal.resources.InternalWorkspaceJob.run(InternalWorkspaceJob.java:42)
	at org.eclipse.core.internal.jobs.Worker.run(Worker.java:63)
Caused by: java.lang.ExceptionInInitializerError: Cannot access defaults field of Properties
	at com.thoughtworks.xstream.converters.collections.PropertiesConverter.<clinit>(PropertiesConverter.java:46)
	at com.thoughtworks.xstream.XStream.setupConverters(XStream.java:647)
	at com.thoughtworks.xstream.XStream.<init>(XStream.java:445)
	at com.thoughtworks.xstream.XStream.<init>(XStream.java:385)
	at com.thoughtworks.xstream.XStream.<init>(XStream.java:342)
	at org.apache.maven.plugin.war.util.WebappStructureSerializer.<clinit>(WebappStructureSerializer.java:47)
	at org.apache.maven.plugin.war.AbstractWarMojo.<init>(AbstractWarMojo.java:316)
	at org.apache.maven.plugin.war.WarMojo.<init>(WarMojo.java:49)
	at java.base/jdk.internal.reflect.NativeConstructorAccessorImpl.newInstance0(Native Method)
	at java.base/jdk.internal.reflect.NativeConstructorAccessorImpl.newInstance(NativeConstructorAccessorImpl.java:77)
	at java.base/jdk.internal.reflect.DelegatingConstructorAccessorImpl.newInstance(DelegatingConstructorAccessorImpl.java:45)
	at java.base/java.lang.reflect.Constructor.newInstanceWithCaller(Constructor.java:499)
	at java.base/java.lang.reflect.Constructor.newInstance(Constructor.java:480)
	at com.google.inject.internal.DefaultConstructionProxyFactory$ReflectiveProxy.newInstance(DefaultConstructionProxyFactory.java:126)
	at com.google.inject.internal.ConstructorInjector.provision(ConstructorInjector.java:114)
	at com.google.inject.internal.ConstructorInjector.access$000(ConstructorInjector.java:32)
	at com.google.inject.internal.ConstructorInjector$1.call(ConstructorInjector.java:98)
	at com.google.inject.internal.ProvisionListenerStackCallback$Provision.provision(ProvisionListenerStackCallback.java:112)
	at com.google.inject.internal.ProvisionListenerStackCallback$Provision.provision(ProvisionListenerStackCallback.java:127)
	at com.google.inject.internal.ProvisionListenerStackCallback.provision(ProvisionListenerStackCallback.java:66)
	at com.google.inject.internal.ConstructorInjector.construct(ConstructorInjector.java:93)
	at com.google.inject.internal.ConstructorBindingImpl$Factory.get(ConstructorBindingImpl.java:306)
	at com.google.inject.internal.InjectorImpl$1.get(InjectorImpl.java:1050)
	... 46 common frames omitted
2022-04-27 13:17:47,187 [Worker-3: Creating camel-servlet-war-archetype] INFO  o.e.m.j.i.AbstractJavaProjectConfigurator - Adding source folder /TestServlet/src/main/java
2022-04-27 13:17:47,188 [Worker-3: Creating camel-servlet-war-archetype] INFO  o.e.m.j.i.AbstractJavaProjectConfigurator - Adding resource folder /TestServlet/src/main/resources
2022-04-27 13:17:47,193 [Worker-3: Creating camel-servlet-war-archetype] INFO  o.e.m.j.i.AbstractJavaProjectConfigurator - Adding source folder /TestServlet/src/test/java
2022-04-27 13:17:48,396 [Worker-11: Download sources and javadoc] INFO  o.e.m.c.i.e.AbstractTransferListenerAdapter - Downloaded https://repo.fusesource.com/nexus/content/groups/public/org/springframework/spring-web/3.2.8.RELEASE/spring-web-3.2.8.RELEASE-sources.jar
2022-04-27 13:17:48,919 [Worker-3: Creating camel-servlet-war-archetype] INFO  o.e.m.c.i.e.AbstractTransferListenerAdapter - Downloaded https://repo.fusesource.com/nexus/content/groups/public/io/fabric8/fabric8-maven-plugin/1.1.0.CR1/fabric8-maven-plugin-1.1.0.CR1.pom
2022-04-27 13:17:49,462 [Worker-3: Creating camel-servlet-war-archetype] INFO  o.e.m.c.i.e.AbstractTransferListenerAdapter - Downloaded https://repo.fusesource.com/nexus/content/groups/public/io/fabric8/fabric-project/1.1.0.CR1/fabric-project-1.1.0.CR1.pom
2022-04-27 13:17:49,678 [Worker-11: Download sources and javadoc] INFO  o.e.m.c.i.e.AbstractTransferListenerAdapter - Downloaded https://repo.fusesource.com/nexus/content/groups/ea/org/springframework/spring-web/3.2.8.RELEASE/spring-web-3.2.8.RELEASE-sources.jar
2022-04-27 13:17:50,020 [Worker-3: Creating camel-servlet-war-archetype] INFO  o.e.m.c.i.e.AbstractTransferListenerAdapter - Downloaded https://repo.fusesource.com/nexus/content/groups/public/io/fabric8/fabric8-project/1.1.0.CR1/fabric8-project-1.1.0.CR1.pom
2022-04-27 13:17:50,301 [Worker-3: Creating camel-servlet-war-archetype] INFO  o.e.m.c.i.e.AbstractTransferListenerAdapter - Downloading https://repo.fusesource.com/nexus/content/groups/public/io/fabric8/fabric8-maven-plugin/1.1.0.CR1/fabric8-maven-plugin-1.1.0.CR1.jar
2022-04-27 13:17:50,411 [Worker-11: Download sources and javadoc] INFO  o.e.m.c.i.e.AbstractTransferListenerAdapter - Downloading https://repo.maven.apache.org/maven2/org/springframework/spring-web/3.2.8.RELEASE/spring-web-3.2.8.RELEASE-sources.jar
2022-04-27 13:17:50,590 [Worker-3: Creating camel-servlet-war-archetype] INFO  o.e.m.c.i.e.AbstractTransferListenerAdapter - Downloaded https://repo.fusesource.com/nexus/content/groups/public/io/fabric8/fabric8-maven-plugin/1.1.0.CR1/fabric8-maven-plugin-1.1.0.CR1.jar
2022-04-27 13:17:50,855 [Worker-3: Creating camel-servlet-war-archetype] INFO  o.e.m.c.i.e.AbstractTransferListenerAdapter - Downloaded https://repo.fusesource.com/nexus/content/groups/public/org/apache/maven/plugins/maven-clean-plugin/2.5/maven-clean-plugin-2.5.pom
2022-04-27 13:17:51,422 [Worker-11: Download sources and javadoc] INFO  o.e.m.c.i.e.AbstractTransferListenerAdapter - Downloaded https://repo.maven.apache.org/maven2/org/springframework/spring-web/3.2.8.RELEASE/spring-web-3.2.8.RELEASE-sources.jar
2022-04-27 13:17:51,424 [Worker-11: Download sources and javadoc] INFO  o.e.m.j.internal.DownloadSourcesJob - Downloaded sources for org.springframework:spring-web:3.2.8.RELEASE
2022-04-27 13:17:51,791 [Worker-11: Download sources and javadoc] INFO  o.e.m.c.i.e.AbstractTransferListenerAdapter - Downloaded https://repo.fusesource.com/nexus/content/groups/public/org/springframework/spring-aop/3.2.8.RELEASE/spring-aop-3.2.8.RELEASE-sources.jar
2022-04-27 13:17:52,194 [Worker-3: Creating camel-servlet-war-archetype] INFO  o.e.m.c.i.e.AbstractTransferListenerAdapter - Downloaded https://repo.fusesource.com/nexus/content/groups/ea/org/apache/maven/plugins/maven-clean-plugin/2.5/maven-clean-plugin-2.5.pom
2022-04-27 13:17:52,917 [Worker-3: Creating camel-servlet-war-archetype] INFO  o.e.m.c.i.e.AbstractTransferListenerAdapter - Downloading https://repo.maven.apache.org/maven2/org/apache/maven/plugins/maven-clean-plugin/2.5/maven-clean-plugin-2.5.pom
2022-04-27 13:17:53,067 [Worker-11: Download sources and javadoc] INFO  o.e.m.c.i.e.AbstractTransferListenerAdapter - Downloaded https://repo.fusesource.com/nexus/content/groups/ea/org/springframework/spring-aop/3.2.8.RELEASE/spring-aop-3.2.8.RELEASE-sources.jar
2022-04-27 13:17:53,279 [Worker-3: Creating camel-servlet-war-archetype] INFO  o.e.m.c.i.e.AbstractTransferListenerAdapter - Downloaded https://repo.maven.apache.org/maven2/org/apache/maven/plugins/maven-clean-plugin/2.5/maven-clean-plugin-2.5.pom
2022-04-27 13:17:53,373 [Worker-3: Creating camel-servlet-war-archetype] INFO  o.e.m.c.i.p.ProjectConfigurationManager - Imported and configured 1 project(s) in 95 sec
2022-04-27 13:17:53,789 [Worker-11: Download sources and javadoc] INFO  o.e.m.c.i.e.AbstractTransferListenerAdapter - Downloading https://repo.maven.apache.org/maven2/org/springframework/spring-aop/3.2.8.RELEASE/spring-aop-3.2.8.RELEASE-sources.jar
2022-04-27 13:17:54,017 [Worker-11: Download sources and javadoc] INFO  o.e.m.c.i.e.AbstractTransferListenerAdapter - Downloaded https://repo.maven.apache.org/maven2/org/springframework/spring-aop/3.2.8.RELEASE/spring-aop-3.2.8.RELEASE-sources.jar
2022-04-27 13:17:54,021 [Worker-11: Download sources and javadoc] ERROR o.e.m.j.internal.DownloadSourcesJob - Could not download sources for org.springframework:spring-aop:3.2.8.RELEASE
org.eclipse.core.runtime.CoreException: Could not resolve artifact org.springframework:spring-aop:jar:sources:3.2.8.RELEASE
	at org.eclipse.m2e.core.internal.embedder.MavenImpl.lambda$4(MavenImpl.java:828)
	at org.eclipse.m2e.core.internal.embedder.MavenExecutionContext.executeBare(MavenExecutionContext.java:182)
	at org.eclipse.m2e.core.internal.embedder.MavenExecutionContext.execute(MavenExecutionContext.java:117)
	at org.eclipse.m2e.core.internal.embedder.MavenExecutionContext.execute(MavenExecutionContext.java:103)
	at org.eclipse.m2e.core.internal.embedder.MavenImpl.resolve(MavenImpl.java:796)
	at org.eclipse.m2e.core.internal.embedder.MavenImpl.resolve(MavenImpl.java:773)
	at org.eclipse.m2e.jdt.internal.DownloadSourcesJob.download(DownloadSourcesJob.java:311)
	at org.eclipse.m2e.jdt.internal.DownloadSourcesJob.downloadAttachments(DownloadSourcesJob.java:285)
	at org.eclipse.m2e.jdt.internal.DownloadSourcesJob.downloadMaven(DownloadSourcesJob.java:255)
	at org.eclipse.m2e.jdt.internal.DownloadSourcesJob.downloadFilesAndPopulateToUpdate(DownloadSourcesJob.java:223)
	at org.eclipse.m2e.jdt.internal.DownloadSourcesJob.lambda$0(DownloadSourcesJob.java:152)
	at org.eclipse.m2e.core.internal.embedder.MavenExecutionContext.executeBare(MavenExecutionContext.java:182)
	at org.eclipse.m2e.core.internal.embedder.MavenExecutionContext.execute(MavenExecutionContext.java:156)
	at org.eclipse.m2e.core.internal.embedder.MavenExecutionContext.execute(MavenExecutionContext.java:103)
	at org.eclipse.m2e.core.internal.embedder.MavenImpl.execute(MavenImpl.java:1416)
	at org.eclipse.m2e.jdt.internal.DownloadSourcesJob.run(DownloadSourcesJob.java:152)
	at org.eclipse.core.internal.jobs.Worker.run(Worker.java:63)
